[ 2017-03-06T11:49:49+08:00 ] ::1 /yscy/api.php?ulogin
INFO: [ app_begin ] --START--
INFO: Run Behavior\ReadHtmlCacheBehavior [ RunTime:0.000546s ]
INFO: Run Behavior\CheckLangBehavior [ RunTime:0.000809s ]
INFO: Run Common\Behavior\UrldecodeGetBehavior [ RunTime:0.000401s ]
INFO: [ app_begin ] --END-- [ RunTime:0.002271s ]
NOTIC: [2048] Declaration of Home\Controller\ApiController::error() should be compatible with that of Think\Controller::error() D:\phpstudy\WWW\yscy\application\Home\Controller\ApiController.class.php 第 182 行.
NOTIC: [2048] Declaration of Home\Controller\ApiController::success() should be compatible with that of Think\Controller::success() D:\phpstudy\WWW\yscy\application\Home\Controller\ApiController.class.php 第 182 行.
SQL: SHOW COLUMNS FROM `cmf_member` [ RunTime:0.0109s ]
SQL: SELECT * FROM `cmf_member` WHERE `member_state` = 1 AND `mobile` = '13559209256' LIMIT 1   [ RunTime:0.0046s ]
SQL: UPDATE `cmf_member` SET `token`='d9db1a6e9fa46526b718ab326736184c',`member_login_time`='2017-03-06 11:49:49',`member_login_ip`='0.0.0.0' WHERE `member_id` = 6 [ RunTime:0.0029s ]
SQL: SELECT * FROM `cmf_member` WHERE `member_id` = 6 LIMIT 1   [ RunTime:0.0037s ]

[ 2017-03-06T11:51:48+08:00 ] ::1 /yscy/api.php?ulogin
INFO: [ app_begin ] --START--
INFO: Run Behavior\ReadHtmlCacheBehavior [ RunTime:0.000574s ]
INFO: Run Behavior\CheckLangBehavior [ RunTime:0.000955s ]
INFO: Run Common\Behavior\UrldecodeGetBehavior [ RunTime:0.000398s ]
INFO: [ app_begin ] --END-- [ RunTime:0.002448s ]
NOTIC: [2048] Declaration of Home\Controller\ApiController::error() should be compatible with that of Think\Controller::error() D:\phpstudy\WWW\yscy\application\Home\Controller\ApiController.class.php 第 182 行.
NOTIC: [2048] Declaration of Home\Controller\ApiController::success() should be compatible with that of Think\Controller::success() D:\phpstudy\WWW\yscy\application\Home\Controller\ApiController.class.php 第 182 行.
SQL: SHOW COLUMNS FROM `cmf_member` [ RunTime:0.0767s ]
SQL: SELECT * FROM `cmf_member` WHERE `member_state` = 1 AND `mobile` = '13559209256' LIMIT 1   [ RunTime:0.0673s ]
SQL: UPDATE `cmf_member` SET `token`='ed0a914c9ea084fd02cecedb1d5837fb',`member_login_time`='2017-03-06 11:51:48',`member_login_ip`='0.0.0.0' WHERE `member_id` = 6 [ RunTime:0.1304s ]
SQL: SELECT * FROM `cmf_member` WHERE `member_id` = 6 LIMIT 1   [ RunTime:0.0728s ]

[ 2017-03-06T11:52:52+08:00 ] ::1 /yscy/api.php?ulogin
INFO: [ app_begin ] --START--
INFO: Run Behavior\ReadHtmlCacheBehavior [ RunTime:0.000584s ]
INFO: Run Behavior\CheckLangBehavior [ RunTime:0.000858s ]
INFO: Run Common\Behavior\UrldecodeGetBehavior [ RunTime:0.000357s ]
INFO: [ app_begin ] --END-- [ RunTime:0.002311s ]
NOTIC: [2048] Declaration of Home\Controller\ApiController::error() should be compatible with that of Think\Controller::error() D:\phpstudy\WWW\yscy\application\Home\Controller\ApiController.class.php 第 184 行.
NOTIC: [2048] Declaration of Home\Controller\ApiController::success() should be compatible with that of Think\Controller::success() D:\phpstudy\WWW\yscy\application\Home\Controller\ApiController.class.php 第 184 行.
NOTIC: [2] Missing argument 1 for I(), called in D:\phpstudy\WWW\yscy\application\Home\Controller\ApiController.class.php on line 23 and defined D:\phpstudy\WWW\yscy\simplewind\Core\Common\functions.php 第 296 行.
NOTIC: [8] Undefined variable: name D:\phpstudy\WWW\yscy\simplewind\Core\Common\functions.php 第 298 行.
NOTIC: [8] Undefined variable: name D:\phpstudy\WWW\yscy\simplewind\Core\Common\functions.php 第 303 行.
NOTIC: [8] Undefined variable: name D:\phpstudy\WWW\yscy\simplewind\Core\Common\functions.php 第 364 行.

[ 2017-03-06T11:55:28+08:00 ] ::1 /yscy/api.php?ulogin
INFO: [ app_begin ] --START--
INFO: Run Behavior\ReadHtmlCacheBehavior [ RunTime:0.000525s ]
INFO: Run Behavior\CheckLangBehavior [ RunTime:0.000837s ]
INFO: Run Common\Behavior\UrldecodeGetBehavior [ RunTime:0.000345s ]
INFO: [ app_begin ] --END-- [ RunTime:0.002182s ]
NOTIC: [2048] Declaration of Home\Controller\ApiController::error() should be compatible with that of Think\Controller::error() D:\phpstudy\WWW\yscy\application\Home\Controller\ApiController.class.php 第 185 行.
NOTIC: [2048] Declaration of Home\Controller\ApiController::success() should be compatible with that of Think\Controller::success() D:\phpstudy\WWW\yscy\application\Home\Controller\ApiController.class.php 第 185 行.
SQL: SHOW COLUMNS FROM `cmf_member` [ RunTime:0.0067s ]
SQL: SELECT * FROM `cmf_member` WHERE `member_state` = 1 AND `mobile` = '13559209256' LIMIT 1   [ RunTime:0.0036s ]

[ 2017-03-06T11:57:04+08:00 ] ::1 /yscy/api.php?ulogin
INFO: [ app_begin ] --START--
INFO: Run Behavior\ReadHtmlCacheBehavior [ RunTime:0.000502s ]
INFO: Run Behavior\CheckLangBehavior [ RunTime:0.000822s ]
INFO: Run Common\Behavior\UrldecodeGetBehavior [ RunTime:0.000451s ]
INFO: [ app_begin ] --END-- [ RunTime:0.002227s ]
NOTIC: [2048] Declaration of Home\Controller\ApiController::error() should be compatible with that of Think\Controller::error() D:\phpstudy\WWW\yscy\application\Home\Controller\ApiController.class.php 第 185 行.
NOTIC: [2048] Declaration of Home\Controller\ApiController::success() should be compatible with that of Think\Controller::success() D:\phpstudy\WWW\yscy\application\Home\Controller\ApiController.class.php 第 185 行.
SQL: SHOW COLUMNS FROM `cmf_member` [ RunTime:0.0065s ]
SQL: SELECT * FROM `cmf_member` WHERE `member_state` = 1 AND `mobile` = '13559209256' LIMIT 1   [ RunTime:0.0035s ]
SQL: UPDATE `cmf_member` SET `token`='b31ea193dcf96bf60f373e36023e4c2f',`member_login_time`='2017-03-06 11:57:04',`member_login_ip`='0.0.0.0' WHERE `member_id` = 6 [ RunTime:0.0031s ]
SQL: SELECT * FROM `cmf_member` WHERE `member_id` = 6 LIMIT 1   [ RunTime:0.0032s ]

[ 2017-03-06T11:59:53+08:00 ] ::1 /yscy/api.php?ulogin
INFO: [ app_begin ] --START--
INFO: Run Behavior\ReadHtmlCacheBehavior [ RunTime:0.000494s ]
INFO: Run Behavior\CheckLangBehavior [ RunTime:0.000866s ]
INFO: Run Common\Behavior\UrldecodeGetBehavior [ RunTime:0.000368s ]
INFO: [ app_begin ] --END-- [ RunTime:0.002185s ]
NOTIC: [2048] Declaration of Home\Controller\ApiController::error() should be compatible with that of Think\Controller::error() D:\phpstudy\WWW\yscy\application\Home\Controller\ApiController.class.php 第 185 行.
NOTIC: [2048] Declaration of Home\Controller\ApiController::success() should be compatible with that of Think\Controller::success() D:\phpstudy\WWW\yscy\application\Home\Controller\ApiController.class.php 第 185 行.
SQL: SHOW COLUMNS FROM `cmf_member` [ RunTime:0.0062s ]
SQL: SELECT * FROM `cmf_member` WHERE `member_state` = 1 AND `mobile` = '13559209256' LIMIT 1   [ RunTime:0.0056s ]
SQL: UPDATE `cmf_member` SET `token`='2282d917fba83200b85de225d2fcbaa6',`member_login_time`='2017-03-06 11:59:53',`member_login_ip`='0.0.0.0' WHERE `member_id` = 6 [ RunTime:0.0035s ]
SQL: SELECT * FROM `cmf_member` WHERE `member_id` = 6 LIMIT 1   [ RunTime:0.0038s ]

[ 2017-03-06T12:57:45+08:00 ] ::1 /yscy/api.php?cat_nav
INFO: [ app_begin ] --START--
INFO: Run Behavior\ReadHtmlCacheBehavior [ RunTime:0.000507s ]
INFO: Run Behavior\CheckLangBehavior [ RunTime:0.000807s ]
INFO: Run Common\Behavior\UrldecodeGetBehavior [ RunTime:0.000359s ]
INFO: [ app_begin ] --END-- [ RunTime:0.002131s ]
NOTIC: [2048] Declaration of Home\Controller\ApiController::error() should be compatible with that of Think\Controller::error() D:\phpstudy\WWW\yscy\application\Home\Controller\ApiController.class.php 第 186 行.
NOTIC: [2048] Declaration of Home\Controller\ApiController::success() should be compatible with that of Think\Controller::success() D:\phpstudy\WWW\yscy\application\Home\Controller\ApiController.class.php 第 186 行.
SQL: SHOW COLUMNS FROM `cmf_nav` [ RunTime:0.0055s ]
SQL: SELECT * FROM `cmf_nav`  [ RunTime:0.0050s ]

[ 2017-03-06T13:20:19+08:00 ] ::1 /yscy/api.php?cat_nav
INFO: [ app_begin ] --START--
INFO: Run Behavior\ReadHtmlCacheBehavior [ RunTime:0.000532s ]
INFO: Run Behavior\CheckLangBehavior [ RunTime:0.000851s ]
INFO: Run Common\Behavior\UrldecodeGetBehavior [ RunTime:0.000366s ]
INFO: [ app_begin ] --END-- [ RunTime:0.002272s ]
NOTIC: [2048] Declaration of Home\Controller\ApiController::error() should be compatible with that of Think\Controller::error() D:\phpstudy\WWW\yscy\application\Home\Controller\ApiController.class.php 第 192 行.
NOTIC: [2048] Declaration of Home\Controller\ApiController::success() should be compatible with that of Think\Controller::success() D:\phpstudy\WWW\yscy\application\Home\Controller\ApiController.class.php 第 192 行.
SQL: SHOW COLUMNS FROM `cmf_nav` [ RunTime:0.0061s ]
SQL: SELECT * FROM `cmf_nav`  [ RunTime:0.0034s ]

[ 2017-03-06T13:34:12+08:00 ] ::1 /yscy/api.php?cat_nav
INFO: [ app_begin ] --START--
INFO: Run Behavior\ReadHtmlCacheBehavior [ RunTime:0.000592s ]
INFO: Run Behavior\CheckLangBehavior [ RunTime:0.000976s ]
INFO: Run Common\Behavior\UrldecodeGetBehavior [ RunTime:0.000358s ]
INFO: [ app_begin ] --END-- [ RunTime:0.002401s ]
NOTIC: [2048] Declaration of Home\Controller\ApiController::error() should be compatible with that of Think\Controller::error() D:\phpstudy\WWW\yscy\application\Home\Controller\ApiController.class.php 第 192 行.
NOTIC: [2048] Declaration of Home\Controller\ApiController::success() should be compatible with that of Think\Controller::success() D:\phpstudy\WWW\yscy\application\Home\Controller\ApiController.class.php 第 192 行.
SQL: SHOW COLUMNS FROM `cmf_nav` [ RunTime:0.0066s ]
SQL: SELECT * FROM `cmf_nav`  [ RunTime:0.0037s ]

[ 2017-03-06T13:34:59+08:00 ] ::1 /yscy/api.php?cat_nav
INFO: [ app_begin ] --START--
INFO: Run Behavior\ReadHtmlCacheBehavior [ RunTime:0.000539s ]
INFO: Run Behavior\CheckLangBehavior [ RunTime:0.000850s ]
INFO: Run Common\Behavior\UrldecodeGetBehavior [ RunTime:0.000332s ]
INFO: [ app_begin ] --END-- [ RunTime:0.002163s ]
NOTIC: [2048] Declaration of Home\Controller\ApiController::error() should be compatible with that of Think\Controller::error() D:\phpstudy\WWW\yscy\application\Home\Controller\ApiController.class.php 第 192 行.
NOTIC: [2048] Declaration of Home\Controller\ApiController::success() should be compatible with that of Think\Controller::success() D:\phpstudy\WWW\yscy\application\Home\Controller\ApiController.class.php 第 192 行.
SQL: SHOW COLUMNS FROM `cmf_nav` [ RunTime:0.0167s ]
SQL: SELECT * FROM `cmf_nav`  [ RunTime:0.0035s ]

[ 2017-03-06T13:35:06+08:00 ] ::1 /yscy/api.php?cat_nav
INFO: [ app_begin ] --START--
INFO: Run Behavior\ReadHtmlCacheBehavior [ RunTime:0.000452s ]
INFO: Run Behavior\CheckLangBehavior [ RunTime:0.000766s ]
INFO: Run Common\Behavior\UrldecodeGetBehavior [ RunTime:0.000411s ]
INFO: [ app_begin ] --END-- [ RunTime:0.002136s ]
NOTIC: [2048] Declaration of Home\Controller\ApiController::error() should be compatible with that of Think\Controller::error() D:\phpstudy\WWW\yscy\application\Home\Controller\ApiController.class.php 第 192 行.
NOTIC: [2048] Declaration of Home\Controller\ApiController::success() should be compatible with that of Think\Controller::success() D:\phpstudy\WWW\yscy\application\Home\Controller\ApiController.class.php 第 192 行.
SQL: SHOW COLUMNS FROM `cmf_nav` [ RunTime:0.0080s ]
SQL: SELECT * FROM `cmf_nav`  [ RunTime:0.0042s ]

[ 2017-03-06T13:35:48+08:00 ] ::1 /yscy/api.php?cat_nav
INFO: [ app_begin ] --START--
INFO: Run Behavior\ReadHtmlCacheBehavior [ RunTime:0.000491s ]
INFO: Run Behavior\CheckLangBehavior [ RunTime:0.000769s ]
INFO: Run Common\Behavior\UrldecodeGetBehavior [ RunTime:0.000449s ]
INFO: [ app_begin ] --END-- [ RunTime:0.002191s ]
NOTIC: [2048] Declaration of Home\Controller\ApiController::error() should be compatible with that of Think\Controller::error() D:\phpstudy\WWW\yscy\application\Home\Controller\ApiController.class.php 第 192 行.
NOTIC: [2048] Declaration of Home\Controller\ApiController::success() should be compatible with that of Think\Controller::success() D:\phpstudy\WWW\yscy\application\Home\Controller\ApiController.class.php 第 192 行.
SQL: SHOW COLUMNS FROM `cmf_nav` [ RunTime:0.0079s ]
SQL: SELECT * FROM `cmf_nav`  [ RunTime:0.0035s ]

[ 2017-03-06T13:36:04+08:00 ] ::1 /yscy/api.php?cat_nav
INFO: [ app_begin ] --START--
INFO: Run Behavior\ReadHtmlCacheBehavior [ RunTime:0.000544s ]
INFO: Run Behavior\CheckLangBehavior [ RunTime:0.000886s ]
INFO: Run Common\Behavior\UrldecodeGetBehavior [ RunTime:0.000393s ]
INFO: [ app_begin ] --END-- [ RunTime:0.002506s ]
NOTIC: [2048] Declaration of Home\Controller\ApiController::error() should be compatible with that of Think\Controller::error() D:\phpstudy\WWW\yscy\application\Home\Controller\ApiController.class.php 第 192 行.
NOTIC: [2048] Declaration of Home\Controller\ApiController::success() should be compatible with that of Think\Controller::success() D:\phpstudy\WWW\yscy\application\Home\Controller\ApiController.class.php 第 192 行.
SQL: SHOW COLUMNS FROM `cmf_nav` [ RunTime:0.0113s ]
SQL: SELECT * FROM `cmf_nav`  [ RunTime:0.0051s ]

[ 2017-03-06T13:38:17+08:00 ] ::1 /yscy/api.php?cat_nav
INFO: [ app_begin ] --START--
INFO: Run Behavior\ReadHtmlCacheBehavior [ RunTime:0.000469s ]
INFO: Run Behavior\CheckLangBehavior [ RunTime:0.001063s ]
INFO: Run Common\Behavior\UrldecodeGetBehavior [ RunTime:0.000411s ]
INFO: [ app_begin ] --END-- [ RunTime:0.002417s ]
NOTIC: [2048] Declaration of Home\Controller\ApiController::error() should be compatible with that of Think\Controller::error() D:\phpstudy\WWW\yscy\application\Home\Controller\ApiController.class.php 第 191 行.
NOTIC: [2048] Declaration of Home\Controller\ApiController::success() should be compatible with that of Think\Controller::success() D:\phpstudy\WWW\yscy\application\Home\Controller\ApiController.class.php 第 191 行.
NOTIC: [2] Missing argument 1 for sp_get_menu_info(), called in D:\phpstudy\WWW\yscy\application\Home\Controller\ApiController.class.php on line 151 and defined D:\phpstudy\WWW\yscy\application\Common\Common\function.php 第 1965 行.
SQL: SHOW COLUMNS FROM `cmf_nav` [ RunTime:0.0062s ]
NOTIC: [8] Undefined variable: id D:\phpstudy\WWW\yscy\application\Common\Common\function.php 第 1971 行.
SQL: SELECT * FROM `cmf_nav` WHERE ( id=0 ) LIMIT 1   [ RunTime:0.0031s ]

[ 2017-03-06T13:39:48+08:00 ] ::1 /yscy/api.php?cat_nav
INFO: [ app_begin ] --START--
INFO: Run Behavior\ReadHtmlCacheBehavior [ RunTime:0.000613s ]
INFO: Run Behavior\CheckLangBehavior [ RunTime:0.000857s ]
INFO: Run Common\Behavior\UrldecodeGetBehavior [ RunTime:0.000391s ]
INFO: [ app_begin ] --END-- [ RunTime:0.002305s ]
NOTIC: [2048] Declaration of Home\Controller\ApiController::error() should be compatible with that of Think\Controller::error() D:\phpstudy\WWW\yscy\application\Home\Controller\ApiController.class.php 第 191 行.
NOTIC: [2048] Declaration of Home\Controller\ApiController::success() should be compatible with that of Think\Controller::success() D:\phpstudy\WWW\yscy\application\Home\Controller\ApiController.class.php 第 191 行.
SQL: SHOW COLUMNS FROM `cmf_nav` [ RunTime:0.0091s ]
SQL: SELECT * FROM `cmf_nav` WHERE ( id=6 ) LIMIT 1   [ RunTime:0.0041s ]

[ 2017-03-06T13:46:15+08:00 ] ::1 /yscy/api.php?conment
INFO: [ app_begin ] --START--
INFO: Run Behavior\ReadHtmlCacheBehavior [ RunTime:0.000638s ]
INFO: Run Behavior\CheckLangBehavior [ RunTime:0.001003s ]
INFO: Run Common\Behavior\UrldecodeGetBehavior [ RunTime:0.000412s ]
INFO: [ app_begin ] --END-- [ RunTime:0.002562s ]
NOTIC: [2048] Declaration of Home\Controller\ApiController::error() should be compatible with that of Think\Controller::error() D:\phpstudy\WWW\yscy\application\Home\Controller\ApiController.class.php 第 195 行.
NOTIC: [2048] Declaration of Home\Controller\ApiController::success() should be compatible with that of Think\Controller::success() D:\phpstudy\WWW\yscy\application\Home\Controller\ApiController.class.php 第 195 行.
SQL: SHOW COLUMNS FROM `cmf_nav` [ RunTime:0.0074s ]
SQL: SELECT * FROM `cmf_nav` WHERE `cid` = 6 AND `status` = 1 ORDER BY `listorder` ASC  [ RunTime:0.0041s ]
NOTIC: [2] Invalid argument supplied for foreach() D:\phpstudy\WWW\yscy\simplewind\Lib\Util\Tree.class.php 第 303 行.

[ 2017-03-06T13:49:48+08:00 ] ::1 /yscy/api.php?cat_nav
INFO: [ app_begin ] --START--
INFO: Run Behavior\ReadHtmlCacheBehavior [ RunTime:0.000554s ]
INFO: Run Behavior\CheckLangBehavior [ RunTime:0.000910s ]
INFO: Run Common\Behavior\UrldecodeGetBehavior [ RunTime:0.000395s ]
INFO: [ app_begin ] --END-- [ RunTime:0.002360s ]
NOTIC: [2048] Declaration of Home\Controller\ApiController::error() should be compatible with that of Think\Controller::error() D:\phpstudy\WWW\yscy\application\Home\Controller\ApiController.class.php 第 193 行.
NOTIC: [2048] Declaration of Home\Controller\ApiController::success() should be compatible with that of Think\Controller::success() D:\phpstudy\WWW\yscy\application\Home\Controller\ApiController.class.php 第 193 行.
SQL: SHOW COLUMNS FROM `cmf_nav` [ RunTime:0.0055s ]
SQL: SELECT * FROM `cmf_nav`  [ RunTime:0.0031s ]

[ 2017-03-06T13:50:35+08:00 ] ::1 /yscy/api.php?cat_nav
INFO: [ app_begin ] --START--
INFO: Run Behavior\ReadHtmlCacheBehavior [ RunTime:0.000425s ]
INFO: Run Behavior\CheckLangBehavior [ RunTime:0.000598s ]
INFO: Run Common\Behavior\UrldecodeGetBehavior [ RunTime:0.000254s ]
INFO: [ app_begin ] --END-- [ RunTime:0.001679s ]
NOTIC: [2048] Declaration of Home\Controller\ApiController::error() should be compatible with that of Think\Controller::error() D:\phpstudy\WWW\yscy\application\Home\Controller\ApiController.class.php 第 193 行.
NOTIC: [2048] Declaration of Home\Controller\ApiController::success() should be compatible with that of Think\Controller::success() D:\phpstudy\WWW\yscy\application\Home\Controller\ApiController.class.php 第 193 行.
SQL: SHOW COLUMNS FROM `cmf_nav` [ RunTime:0.0062s ]
SQL: SELECT * FROM `cmf_nav`  [ RunTime:0.0036s ]
NOTIC: [8] unserialize() [<a href='function.unserialize'>function.unserialize</a>]: Error at offset 0 of 4 bytes D:\phpstudy\WWW\yscy\application\Home\Controller\ApiController.class.php 第 152 行.

[ 2017-03-06T13:52:12+08:00 ] ::1 /yscy/api.php?cat_nav
INFO: [ app_begin ] --START--
INFO: Run Behavior\ReadHtmlCacheBehavior [ RunTime:0.000405s ]
INFO: Run Behavior\CheckLangBehavior [ RunTime:0.000594s ]
INFO: Run Common\Behavior\UrldecodeGetBehavior [ RunTime:0.000279s ]
INFO: [ app_begin ] --END-- [ RunTime:0.001683s ]
NOTIC: [2048] Declaration of Home\Controller\ApiController::error() should be compatible with that of Think\Controller::error() D:\phpstudy\WWW\yscy\application\Home\Controller\ApiController.class.php 第 193 行.
NOTIC: [2048] Declaration of Home\Controller\ApiController::success() should be compatible with that of Think\Controller::success() D:\phpstudy\WWW\yscy\application\Home\Controller\ApiController.class.php 第 193 行.
SQL: SHOW COLUMNS FROM `cmf_nav` [ RunTime:0.0059s ]
SQL: SELECT * FROM `cmf_nav`  [ RunTime:0.0055s ]
NOTIC: [8] unserialize() [<a href='function.unserialize'>function.unserialize</a>]: Error at offset 0 of 4 bytes D:\phpstudy\WWW\yscy\application\Home\Controller\ApiController.class.php 第 152 行.

[ 2017-03-06T13:53:27+08:00 ] ::1 /yscy/api.php?conment
INFO: [ app_begin ] --START--
INFO: Run Behavior\ReadHtmlCacheBehavior [ RunTime:0.000530s ]
INFO: Run Behavior\CheckLangBehavior [ RunTime:0.000766s ]
INFO: Run Common\Behavior\UrldecodeGetBehavior [ RunTime:0.000277s ]
INFO: [ app_begin ] --END-- [ RunTime:0.002119s ]
NOTIC: [2048] Declaration of Home\Controller\ApiController::error() should be compatible with that of Think\Controller::error() D:\phpstudy\WWW\yscy\application\Home\Controller\ApiController.class.php 第 194 行.
NOTIC: [2048] Declaration of Home\Controller\ApiController::success() should be compatible with that of Think\Controller::success() D:\phpstudy\WWW\yscy\application\Home\Controller\ApiController.class.php 第 194 行.
NOTIC: [8] Undefined variable: Model D:\phpstudy\WWW\yscy\application\Home\Controller\ApiController.class.php 第 143 行.

[ 2017-03-06T13:54:06+08:00 ] ::1 /yscy/api.php?conment
INFO: [ app_begin ] --START--
INFO: Run Behavior\ReadHtmlCacheBehavior [ RunTime:0.000533s ]
INFO: Run Behavior\CheckLangBehavior [ RunTime:0.000841s ]
INFO: Run Common\Behavior\UrldecodeGetBehavior [ RunTime:0.000426s ]
INFO: [ app_begin ] --END-- [ RunTime:0.002343s ]
NOTIC: [2048] Declaration of Home\Controller\ApiController::error() should be compatible with that of Think\Controller::error() D:\phpstudy\WWW\yscy\application\Home\Controller\ApiController.class.php 第 195 行.
NOTIC: [2048] Declaration of Home\Controller\ApiController::success() should be compatible with that of Think\Controller::success() D:\phpstudy\WWW\yscy\application\Home\Controller\ApiController.class.php 第 195 行.
SQL: SHOW COLUMNS FROM `cmf_term_relationships` [ RunTime:0.0059s ]
ERR: 1146:Table 'thinkcmf.cmf_term' doesn't exist
 [ SQL语句 ] : SELECT p.* FROM cmf_term_relationships tr left JOIN cmf_posts p on p.id=tr.object_id left JOIN cmf_term t on t.term_id=tr.term_id  WHERE t.term_id = 5 
ERR: 1146:Table 'thinkcmf.cmf_term' doesn't exist
 [ SQL语句 ] : SELECT p.* FROM cmf_term_relationships tr left JOIN cmf_posts p on p.id=tr.object_id left JOIN cmf_term t on t.term_id=tr.term_id  WHERE t.term_id = 5 

[ 2017-03-06T13:54:37+08:00 ] ::1 /yscy/api.php?conment
INFO: [ app_begin ] --START--
INFO: Run Behavior\ReadHtmlCacheBehavior [ RunTime:0.000642s ]
INFO: Run Behavior\CheckLangBehavior [ RunTime:0.000924s ]
INFO: Run Common\Behavior\UrldecodeGetBehavior [ RunTime:0.000400s ]
INFO: [ app_begin ] --END-- [ RunTime:0.002454s ]
NOTIC: [2048] Declaration of Home\Controller\ApiController::error() should be compatible with that of Think\Controller::error() D:\phpstudy\WWW\yscy\application\Home\Controller\ApiController.class.php 第 195 行.
NOTIC: [2048] Declaration of Home\Controller\ApiController::success() should be compatible with that of Think\Controller::success() D:\phpstudy\WWW\yscy\application\Home\Controller\ApiController.class.php 第 195 行.
SQL: SHOW COLUMNS FROM `cmf_term_relationships` [ RunTime:0.0065s ]
SQL: SELECT p.* FROM cmf_term_relationships tr left JOIN cmf_posts p on p.id=tr.object_id left JOIN cmf_terms t on t.term_id=tr.term_id  WHERE t.term_id = 5  [ RunTime:0.0071s ]
INFO: [ app_end ] --START--
INFO: Run Behavior\ShowPageTraceBehavior [ RunTime:0.000843s ]
INFO: [ app_end ] --END-- [ RunTime:0.000896s ]

[ 2017-03-06T13:57:56+08:00 ] ::1 /yscy/api.php?conment
INFO: [ app_begin ] --START--
INFO: Run Behavior\ReadHtmlCacheBehavior [ RunTime:0.000527s ]
INFO: Run Behavior\CheckLangBehavior [ RunTime:0.000837s ]
INFO: Run Common\Behavior\UrldecodeGetBehavior [ RunTime:0.000436s ]
INFO: [ app_begin ] --END-- [ RunTime:0.002423s ]
NOTIC: [2048] Declaration of Home\Controller\ApiController::error() should be compatible with that of Think\Controller::error() D:\phpstudy\WWW\yscy\application\Home\Controller\ApiController.class.php 第 195 行.
NOTIC: [2048] Declaration of Home\Controller\ApiController::success() should be compatible with that of Think\Controller::success() D:\phpstudy\WWW\yscy\application\Home\Controller\ApiController.class.php 第 195 行.
SQL: SHOW COLUMNS FROM `cmf_posts` [ RunTime:0.0060s ]
SQL: SELECT p.* FROM cmf_posts p left JOIN cmf_term_relationships tr on tr.object_id=p.id  left JOIN cmf_terms t on t.term_id=tr.term_id  WHERE t.term_id = 5  [ RunTime:0.0039s ]
INFO: [ app_end ] --START--
INFO: Run Behavior\ShowPageTraceBehavior [ RunTime:0.000766s ]
INFO: [ app_end ] --END-- [ RunTime:0.000819s ]

[ 2017-03-06T13:58:22+08:00 ] ::1 /yscy/api.php?conment
INFO: [ app_begin ] --START--
INFO: Run Behavior\ReadHtmlCacheBehavior [ RunTime:0.000524s ]
INFO: Run Behavior\CheckLangBehavior [ RunTime:0.000782s ]
INFO: Run Common\Behavior\UrldecodeGetBehavior [ RunTime:0.000415s ]
INFO: [ app_begin ] --END-- [ RunTime:0.002219s ]
NOTIC: [2048] Declaration of Home\Controller\ApiController::error() should be compatible with that of Think\Controller::error() D:\phpstudy\WWW\yscy\application\Home\Controller\ApiController.class.php 第 196 行.
NOTIC: [2048] Declaration of Home\Controller\ApiController::success() should be compatible with that of Think\Controller::success() D:\phpstudy\WWW\yscy\application\Home\Controller\ApiController.class.php 第 196 行.
SQL: SHOW COLUMNS FROM `cmf_posts` [ RunTime:0.0061s ]
SQL: SELECT p.* FROM cmf_posts p left JOIN cmf_term_relationships tr on tr.object_id=p.id  left JOIN cmf_terms t on t.term_id=tr.term_id  WHERE t.term_id = 5  [ RunTime:0.0036s ]

[ 2017-03-06T14:06:37+08:00 ] ::1 /yscy/api.php?getVerify
INFO: [ app_begin ] --START--
INFO: Run Behavior\ReadHtmlCacheBehavior [ RunTime:0.000659s ]
INFO: Run Behavior\CheckLangBehavior [ RunTime:0.000912s ]
INFO: Run Common\Behavior\UrldecodeGetBehavior [ RunTime:0.000384s ]
INFO: [ app_begin ] --END-- [ RunTime:0.002578s ]
NOTIC: [2048] Declaration of Home\Controller\ApiController::error() should be compatible with that of Think\Controller::error() D:\phpstudy\WWW\yscy\application\Home\Controller\ApiController.class.php 第 220 行.
NOTIC: [2048] Declaration of Home\Controller\ApiController::success() should be compatible with that of Think\Controller::success() D:\phpstudy\WWW\yscy\application\Home\Controller\ApiController.class.php 第 220 行.

[ 2017-03-06T14:07:26+08:00 ] ::1 /yscy/api.php?getVerify
INFO: [ app_begin ] --START--
INFO: Run Behavior\ReadHtmlCacheBehavior [ RunTime:0.000582s ]
INFO: Run Behavior\CheckLangBehavior [ RunTime:0.001058s ]
INFO: Run Common\Behavior\UrldecodeGetBehavior [ RunTime:0.000374s ]
INFO: [ app_begin ] --END-- [ RunTime:0.002796s ]
NOTIC: [2048] Declaration of Home\Controller\ApiController::error() should be compatible with that of Think\Controller::error() D:\phpstudy\WWW\yscy\application\Home\Controller\ApiController.class.php 第 220 行.
NOTIC: [2048] Declaration of Home\Controller\ApiController::success() should be compatible with that of Think\Controller::success() D:\phpstudy\WWW\yscy\application\Home\Controller\ApiController.class.php 第 220 行.

[ 2017-03-06T14:08:25+08:00 ] ::1 /yscy/api.php?getVerify
INFO: [ app_begin ] --START--
INFO: Run Behavior\ReadHtmlCacheBehavior [ RunTime:0.000522s ]
INFO: Run Behavior\CheckLangBehavior [ RunTime:0.000809s ]
INFO: Run Common\Behavior\UrldecodeGetBehavior [ RunTime:0.000330s ]
INFO: [ app_begin ] --END-- [ RunTime:0.002098s ]
NOTIC: [2048] Declaration of Home\Controller\ApiController::error() should be compatible with that of Think\Controller::error() D:\phpstudy\WWW\yscy\application\Home\Controller\ApiController.class.php 第 220 行.
NOTIC: [2048] Declaration of Home\Controller\ApiController::success() should be compatible with that of Think\Controller::success() D:\phpstudy\WWW\yscy\application\Home\Controller\ApiController.class.php 第 220 行.

[ 2017-03-06T14:28:52+08:00 ] ::1 /yscy/api.php?getVerify
INFO: [ app_begin ] --START--
INFO: Run Behavior\ReadHtmlCacheBehavior [ RunTime:0.000785s ]
INFO: Run Behavior\CheckLangBehavior [ RunTime:0.000902s ]
INFO: Run Common\Behavior\UrldecodeGetBehavior [ RunTime:0.000335s ]
INFO: [ app_begin ] --END-- [ RunTime:0.002618s ]
NOTIC: [2048] Declaration of Home\Controller\ApiController::error() should be compatible with that of Think\Controller::error() D:\phpstudy\WWW\yscy\application\Home\Controller\ApiController.class.php 第 220 行.
NOTIC: [2048] Declaration of Home\Controller\ApiController::success() should be compatible with that of Think\Controller::success() D:\phpstudy\WWW\yscy\application\Home\Controller\ApiController.class.php 第 220 行.

[ 2017-03-06T14:33:22+08:00 ] ::1 /yscy/api.php?getVerify
INFO: [ app_begin ] --START--
INFO: Run Behavior\ReadHtmlCacheBehavior [ RunTime:0.000648s ]
INFO: Run Behavior\CheckLangBehavior [ RunTime:0.000753s ]
INFO: Run Common\Behavior\UrldecodeGetBehavior [ RunTime:0.000325s ]
INFO: [ app_begin ] --END-- [ RunTime:0.002270s ]
NOTIC: [2048] Declaration of Home\Controller\ApiController::error() should be compatible with that of Think\Controller::error() D:\phpstudy\WWW\yscy\application\Home\Controller\ApiController.class.php 第 220 行.
NOTIC: [2048] Declaration of Home\Controller\ApiController::success() should be compatible with that of Think\Controller::success() D:\phpstudy\WWW\yscy\application\Home\Controller\ApiController.class.php 第 220 行.

[ 2017-03-06T14:34:17+08:00 ] ::1 /yscy/api.php?getVerify
INFO: [ app_begin ] --START--
INFO: Run Behavior\ReadHtmlCacheBehavior [ RunTime:0.000899s ]
INFO: Run Behavior\CheckLangBehavior [ RunTime:0.001572s ]
INFO: Run Common\Behavior\UrldecodeGetBehavior [ RunTime:0.000371s ]
INFO: [ app_begin ] --END-- [ RunTime:0.003376s ]
NOTIC: [2048] Declaration of Home\Controller\ApiController::error() should be compatible with that of Think\Controller::error() D:\phpstudy\WWW\yscy\application\Home\Controller\ApiController.class.php 第 220 行.
NOTIC: [2048] Declaration of Home\Controller\ApiController::success() should be compatible with that of Think\Controller::success() D:\phpstudy\WWW\yscy\application\Home\Controller\ApiController.class.php 第 220 行.

[ 2017-03-06T14:35:22+08:00 ] ::1 /yscy/api.php?getVerify
INFO: [ app_begin ] --START--
INFO: Run Behavior\ReadHtmlCacheBehavior [ RunTime:0.000508s ]
INFO: Run Behavior\CheckLangBehavior [ RunTime:0.000809s ]
INFO: Run Common\Behavior\UrldecodeGetBehavior [ RunTime:0.000356s ]
INFO: [ app_begin ] --END-- [ RunTime:0.002093s ]
NOTIC: [2048] Declaration of Home\Controller\ApiController::error() should be compatible with that of Think\Controller::error() D:\phpstudy\WWW\yscy\application\Home\Controller\ApiController.class.php 第 220 行.
NOTIC: [2048] Declaration of Home\Controller\ApiController::success() should be compatible with that of Think\Controller::success() D:\phpstudy\WWW\yscy\application\Home\Controller\ApiController.class.php 第 220 行.

[ 2017-03-06T14:37:04+08:00 ] ::1 /yscy/api.php?getVerify
INFO: [ app_begin ] --START--
INFO: Run Behavior\ReadHtmlCacheBehavior [ RunTime:0.000453s ]
INFO: Run Behavior\CheckLangBehavior [ RunTime:0.000770s ]
INFO: Run Common\Behavior\UrldecodeGetBehavior [ RunTime:0.000354s ]
INFO: [ app_begin ] --END-- [ RunTime:0.001989s ]
NOTIC: [2048] Declaration of Home\Controller\ApiController::error() should be compatible with that of Think\Controller::error() D:\phpstudy\WWW\yscy\application\Home\Controller\ApiController.class.php 第 220 行.
NOTIC: [2048] Declaration of Home\Controller\ApiController::success() should be compatible with that of Think\Controller::success() D:\phpstudy\WWW\yscy\application\Home\Controller\ApiController.class.php 第 220 行.

[ 2017-03-06T14:42:31+08:00 ] ::1 /yscy/api.php?getVerify
INFO: [ app_begin ] --START--
INFO: Run Behavior\ReadHtmlCacheBehavior [ RunTime:0.000473s ]
INFO: Run Behavior\CheckLangBehavior [ RunTime:0.000771s ]
INFO: Run Common\Behavior\UrldecodeGetBehavior [ RunTime:0.000316s ]
INFO: [ app_begin ] --END-- [ RunTime:0.002049s ]
NOTIC: [2048] Declaration of Home\Controller\ApiController::error() should be compatible with that of Think\Controller::error() D:\phpstudy\WWW\yscy\application\Home\Controller\ApiController.class.php 第 220 行.
NOTIC: [2048] Declaration of Home\Controller\ApiController::success() should be compatible with that of Think\Controller::success() D:\phpstudy\WWW\yscy\application\Home\Controller\ApiController.class.php 第 220 行.

[ 2017-03-06T14:46:45+08:00 ] ::1 /yscy/api.php?getVerify
INFO: [ app_begin ] --START--
INFO: Run Behavior\ReadHtmlCacheBehavior [ RunTime:0.000536s ]
INFO: Run Behavior\CheckLangBehavior [ RunTime:0.000803s ]
INFO: Run Common\Behavior\UrldecodeGetBehavior [ RunTime:0.000388s ]
INFO: [ app_begin ] --END-- [ RunTime:0.002214s ]
NOTIC: [2048] Declaration of Home\Controller\ApiController::error() should be compatible with that of Think\Controller::error() D:\phpstudy\WWW\yscy\application\Home\Controller\ApiController.class.php 第 220 行.
NOTIC: [2048] Declaration of Home\Controller\ApiController::success() should be compatible with that of Think\Controller::success() D:\phpstudy\WWW\yscy\application\Home\Controller\ApiController.class.php 第 220 行.

[ 2017-03-06T14:48:10+08:00 ] ::1 /yscy/api.php?getVerify
INFO: [ app_begin ] --START--
INFO: Run Behavior\ReadHtmlCacheBehavior [ RunTime:0.000569s ]
INFO: Run Behavior\CheckLangBehavior [ RunTime:0.000891s ]
INFO: Run Common\Behavior\UrldecodeGetBehavior [ RunTime:0.000490s ]
INFO: [ app_begin ] --END-- [ RunTime:0.002523s ]
NOTIC: [2048] Declaration of Home\Controller\ApiController::error() should be compatible with that of Think\Controller::error() D:\phpstudy\WWW\yscy\application\Home\Controller\ApiController.class.php 第 220 行.
NOTIC: [2048] Declaration of Home\Controller\ApiController::success() should be compatible with that of Think\Controller::success() D:\phpstudy\WWW\yscy\application\Home\Controller\ApiController.class.php 第 220 行.

[ 2017-03-06T14:57:07+08:00 ] ::1 /yscy/api.php?getVerify
INFO: [ app_begin ] --START--
INFO: Run Behavior\ReadHtmlCacheBehavior [ RunTime:0.000505s ]
INFO: Run Behavior\CheckLangBehavior [ RunTime:0.000836s ]
INFO: Run Common\Behavior\UrldecodeGetBehavior [ RunTime:0.000369s ]
INFO: [ app_begin ] --END-- [ RunTime:0.002204s ]
NOTIC: [2048] Declaration of Home\Controller\ApiController::error() should be compatible with that of Think\Controller::error() D:\phpstudy\WWW\yscy\application\Home\Controller\ApiController.class.php 第 220 行.
NOTIC: [2048] Declaration of Home\Controller\ApiController::success() should be compatible with that of Think\Controller::success() D:\phpstudy\WWW\yscy\application\Home\Controller\ApiController.class.php 第 220 行.

[ 2017-03-06T14:58:03+08:00 ] ::1 /yscy/api.php?getVerify
INFO: [ app_begin ] --START--
INFO: Run Behavior\ReadHtmlCacheBehavior [ RunTime:0.000590s ]
INFO: Run Behavior\CheckLangBehavior [ RunTime:0.000836s ]
INFO: Run Common\Behavior\UrldecodeGetBehavior [ RunTime:0.000391s ]
INFO: [ app_begin ] --END-- [ RunTime:0.002288s ]
NOTIC: [2048] Declaration of Home\Controller\ApiController::error() should be compatible with that of Think\Controller::error() D:\phpstudy\WWW\yscy\application\Home\Controller\ApiController.class.php 第 220 行.
NOTIC: [2048] Declaration of Home\Controller\ApiController::success() should be compatible with that of Think\Controller::success() D:\phpstudy\WWW\yscy\application\Home\Controller\ApiController.class.php 第 220 行.

[ 2017-03-06T15:00:24+08:00 ] ::1 /yscy/api.php?getVerify
INFO: [ app_begin ] --START--
INFO: Run Behavior\ReadHtmlCacheBehavior [ RunTime:0.000514s ]
INFO: Run Behavior\CheckLangBehavior [ RunTime:0.000775s ]
INFO: Run Common\Behavior\UrldecodeGetBehavior [ RunTime:0.000316s ]
INFO: [ app_begin ] --END-- [ RunTime:0.002055s ]
NOTIC: [2048] Declaration of Home\Controller\ApiController::error() should be compatible with that of Think\Controller::error() D:\phpstudy\WWW\yscy\application\Home\Controller\ApiController.class.php 第 220 行.
NOTIC: [2048] Declaration of Home\Controller\ApiController::success() should be compatible with that of Think\Controller::success() D:\phpstudy\WWW\yscy\application\Home\Controller\ApiController.class.php 第 220 行.

[ 2017-03-06T15:02:07+08:00 ] ::1 /yscy/api.php?getVerify
INFO: [ app_begin ] --START--
INFO: Run Behavior\ReadHtmlCacheBehavior [ RunTime:0.000496s ]
INFO: Run Behavior\CheckLangBehavior [ RunTime:0.000658s ]
INFO: Run Common\Behavior\UrldecodeGetBehavior [ RunTime:0.000305s ]
INFO: [ app_begin ] --END-- [ RunTime:0.001867s ]
NOTIC: [2048] Declaration of Home\Controller\ApiController::error() should be compatible with that of Think\Controller::error() D:\phpstudy\WWW\yscy\application\Home\Controller\ApiController.class.php 第 220 行.
NOTIC: [2048] Declaration of Home\Controller\ApiController::success() should be compatible with that of Think\Controller::success() D:\phpstudy\WWW\yscy\application\Home\Controller\ApiController.class.php 第 220 行.

[ 2017-03-06T16:32:47+08:00 ] ::1 /yscy/api.php?getVerify
INFO: [ app_begin ] --START--
INFO: Run Behavior\ReadHtmlCacheBehavior [ RunTime:0.000538s ]
INFO: Run Behavior\CheckLangBehavior [ RunTime:0.000829s ]
INFO: Run Common\Behavior\UrldecodeGetBehavior [ RunTime:0.000370s ]
INFO: [ app_begin ] --END-- [ RunTime:0.002233s ]
NOTIC: [2048] Declaration of Home\Controller\CommonController::error() should be compatible with that of Think\Controller::error() D:\phpstudy\WWW\yscy\application\Home\Controller\CommonController.class.php 第 63 行.
NOTIC: [2048] Declaration of Home\Controller\CommonController::success() should be compatible with that of Think\Controller::success() D:\phpstudy\WWW\yscy\application\Home\Controller\CommonController.class.php 第 63 行.

[ 2017-03-06T16:42:46+08:00 ] ::1 /yscy/api.php?getVerify
INFO: [ app_begin ] --START--
INFO: Run Behavior\ReadHtmlCacheBehavior [ RunTime:0.000689s ]
INFO: Run Behavior\CheckLangBehavior [ RunTime:0.000978s ]
INFO: Run Common\Behavior\UrldecodeGetBehavior [ RunTime:0.000422s ]
INFO: [ app_begin ] --END-- [ RunTime:0.002594s ]
NOTIC: [2048] Declaration of Home\Controller\CommonController::error() should be compatible with that of Think\Controller::error() D:\phpstudy\WWW\yscy\application\Home\Controller\CommonController.class.php 第 63 行.
NOTIC: [2048] Declaration of Home\Controller\CommonController::success() should be compatible with that of Think\Controller::success() D:\phpstudy\WWW\yscy\application\Home\Controller\CommonController.class.php 第 63 行.
NOTIC: [8] Undefined variable: buff D:\phpstudy\WWW\yscy\application\Home\Controller\CommonController.class.php 第 23 行.

[ 2017-03-06T16:43:08+08:00 ] ::1 /yscy/api.php?ulogin
INFO: [ app_begin ] --START--
INFO: Run Behavior\ReadHtmlCacheBehavior [ RunTime:0.000482s ]
INFO: Run Behavior\CheckLangBehavior [ RunTime:0.000699s ]
INFO: Run Common\Behavior\UrldecodeGetBehavior [ RunTime:0.000298s ]
INFO: [ app_begin ] --END-- [ RunTime:0.001879s ]
NOTIC: [2048] Declaration of Home\Controller\CommonController::error() should be compatible with that of Think\Controller::error() D:\phpstudy\WWW\yscy\application\Home\Controller\CommonController.class.php 第 63 行.
NOTIC: [2048] Declaration of Home\Controller\CommonController::success() should be compatible with that of Think\Controller::success() D:\phpstudy\WWW\yscy\application\Home\Controller\CommonController.class.php 第 63 行.
NOTIC: [8] Undefined variable: buff D:\phpstudy\WWW\yscy\application\Home\Controller\CommonController.class.php 第 23 行.
SQL: SHOW COLUMNS FROM `cmf_member` [ RunTime:0.0064s ]
SQL: SELECT * FROM `cmf_member` WHERE `member_state` = 1 AND `mobile` = '13559209256' LIMIT 1   [ RunTime:0.0037s ]
SQL: UPDATE `cmf_member` SET `token`='5db54726a7bc7ccfb1daf6ea38517742',`member_login_time`='2017-03-06 16:43:07',`member_login_ip`='0.0.0.0' WHERE `member_id` = 6 [ RunTime:0.0031s ]
SQL: SELECT * FROM `cmf_member` WHERE `member_id` = 6 LIMIT 1   [ RunTime:0.0057s ]

[ 2017-03-06T16:43:35+08:00 ] ::1 /yscy/api.php?ulogin
INFO: [ app_begin ] --START--
INFO: Run Behavior\ReadHtmlCacheBehavior [ RunTime:0.000828s ]
INFO: Run Behavior\CheckLangBehavior [ RunTime:0.000942s ]
INFO: Run Common\Behavior\UrldecodeGetBehavior [ RunTime:0.000414s ]
INFO: [ app_begin ] --END-- [ RunTime:0.002853s ]
NOTIC: [2048] Declaration of Home\Controller\CommonController::error() should be compatible with that of Think\Controller::error() D:\phpstudy\WWW\yscy\application\Home\Controller\CommonController.class.php 第 63 行.
NOTIC: [2048] Declaration of Home\Controller\CommonController::success() should be compatible with that of Think\Controller::success() D:\phpstudy\WWW\yscy\application\Home\Controller\CommonController.class.php 第 63 行.
NOTIC: [8] Undefined variable: buff D:\phpstudy\WWW\yscy\application\Home\Controller\CommonController.class.php 第 23 行.
SQL: SHOW COLUMNS FROM `cmf_member` [ RunTime:0.0063s ]
SQL: SELECT * FROM `cmf_member` WHERE `member_state` = 1 AND `mobile` = '13559209256' LIMIT 1   [ RunTime:0.0037s ]
SQL: UPDATE `cmf_member` SET `token`='8bb5c06a989782551ed121aef3bd5300',`member_login_time`='2017-03-06 16:43:35',`member_login_ip`='0.0.0.0' WHERE `member_id` = 6 [ RunTime:0.0231s ]
SQL: SELECT * FROM `cmf_member` WHERE `member_id` = 6 LIMIT 1   [ RunTime:0.0046s ]

[ 2017-03-06T16:44:05+08:00 ] ::1 /yscy/api.php?ulogin
INFO: [ app_begin ] --START--
INFO: Run Behavior\ReadHtmlCacheBehavior [ RunTime:0.000701s ]
INFO: Run Behavior\CheckLangBehavior [ RunTime:0.000775s ]
INFO: Run Common\Behavior\UrldecodeGetBehavior [ RunTime:0.000335s ]
INFO: [ app_begin ] --END-- [ RunTime:0.002398s ]
NOTIC: [2048] Declaration of Home\Controller\CommonController::error() should be compatible with that of Think\Controller::error() D:\phpstudy\WWW\yscy\application\Home\Controller\CommonController.class.php 第 63 行.
NOTIC: [2048] Declaration of Home\Controller\CommonController::success() should be compatible with that of Think\Controller::success() D:\phpstudy\WWW\yscy\application\Home\Controller\CommonController.class.php 第 63 行.
NOTIC: [8] Undefined variable: buff D:\phpstudy\WWW\yscy\application\Home\Controller\CommonController.class.php 第 23 行.
NOTIC: [8] Undefined variable: buff D:\phpstudy\WWW\yscy\application\Home\Controller\CommonController.class.php 第 58 行.

[ 2017-03-06T16:44:25+08:00 ] ::1 /yscy/api.php?ulogin
INFO: [ app_begin ] --START--
INFO: Run Behavior\ReadHtmlCacheBehavior [ RunTime:0.000600s ]
INFO: Run Behavior\CheckLangBehavior [ RunTime:0.001112s ]
INFO: Run Common\Behavior\UrldecodeGetBehavior [ RunTime:0.000352s ]
INFO: [ app_begin ] --END-- [ RunTime:0.002518s ]
NOTIC: [2048] Declaration of Home\Controller\CommonController::error() should be compatible with that of Think\Controller::error() D:\phpstudy\WWW\yscy\application\Home\Controller\CommonController.class.php 第 63 行.
NOTIC: [2048] Declaration of Home\Controller\CommonController::success() should be compatible with that of Think\Controller::success() D:\phpstudy\WWW\yscy\application\Home\Controller\CommonController.class.php 第 63 行.
NOTIC: [8] Undefined variable: buff D:\phpstudy\WWW\yscy\application\Home\Controller\CommonController.class.php 第 23 行.
SQL: SHOW COLUMNS FROM `cmf_member` [ RunTime:0.0062s ]
SQL: SELECT * FROM `cmf_member` WHERE `member_state` = 1 AND `mobile` = '13559209256' LIMIT 1   [ RunTime:0.0034s ]
SQL: UPDATE `cmf_member` SET `token`='6864483f63c2eb8a1962c548d8c70356',`member_login_time`='2017-03-06 16:44:25',`member_login_ip`='0.0.0.0' WHERE `member_id` = 6 [ RunTime:0.0040s ]
SQL: SELECT * FROM `cmf_member` WHERE `member_id` = 6 LIMIT 1   [ RunTime:0.0054s ]

