[ 2017-03-02T14:15:13+08:00 ] ::1 /yscy/index.php?g=Admin&m=public&a=dologin
INFO: [ app_begin ] --START--
INFO: Run Behavior\ReadHtmlCacheBehavior [ RunTime:0.000549s ]
INFO: Run Behavior\CheckLangBehavior [ RunTime:0.001210s ]
INFO: Run Common\Behavior\UrldecodeGetBehavior [ RunTime:0.000370s ]
INFO: [ app_begin ] --END-- [ RunTime:0.002655s ]
INFO: [ admin_begin ] --START--
INFO: Run Common\Behavior\AdminDefaultLangBehavior [ RunTime:0.001509s ]
INFO: [ admin_begin ] --END-- [ RunTime:0.001563s ]
NOTIC: D方法实例化没找到模型类Common\Model\MemberModel
SQL: SHOW COLUMNS FROM `cmf_member` [ RunTime:0.0044s ]
SQL: SELECT * FROM `cmf_member` WHERE `member_name` = 'admin' LIMIT 1   [ RunTime:0.0003s ]
NOTIC: [8] Undefined index: user_pass D:\phpstudy\WWW\yscy\application\Admin\Controller\PublicController.class.php 第 71 行.

[ 2017-03-02T14:16:41+08:00 ] ::1 /yscy/index.php?g=Admin&m=public&a=dologin
INFO: [ app_begin ] --START--
INFO: Run Behavior\ReadHtmlCacheBehavior [ RunTime:0.000494s ]
INFO: Run Behavior\CheckLangBehavior [ RunTime:0.001189s ]
INFO: Run Common\Behavior\UrldecodeGetBehavior [ RunTime:0.000409s ]
INFO: [ app_begin ] --END-- [ RunTime:0.002575s ]
INFO: [ admin_begin ] --START--
INFO: Run Common\Behavior\AdminDefaultLangBehavior [ RunTime:0.001663s ]
INFO: [ admin_begin ] --END-- [ RunTime:0.001716s ]
NOTIC: D方法实例化没找到模型类Common\Model\MemberModel
SQL: SHOW COLUMNS FROM `cmf_member` [ RunTime:0.0046s ]
SQL: SELECT * FROM `cmf_member` WHERE `member_name` = 'admin' LIMIT 1   [ RunTime:0.0004s ]

[ 2017-03-02T14:17:16+08:00 ] ::1 /yscy/index.php?g=Admin&m=public&a=dologin
INFO: [ app_begin ] --START--
INFO: Run Behavior\ReadHtmlCacheBehavior [ RunTime:0.000518s ]
INFO: Run Behavior\CheckLangBehavior [ RunTime:0.001256s ]
INFO: Run Common\Behavior\UrldecodeGetBehavior [ RunTime:0.000368s ]
INFO: [ app_begin ] --END-- [ RunTime:0.002632s ]
INFO: [ admin_begin ] --START--
INFO: Run Common\Behavior\AdminDefaultLangBehavior [ RunTime:0.001611s ]
INFO: [ admin_begin ] --END-- [ RunTime:0.001663s ]
NOTIC: D方法实例化没找到模型类Common\Model\MemberModel
SQL: SHOW COLUMNS FROM `cmf_member` [ RunTime:0.0099s ]
SQL: SELECT * FROM `cmf_member` WHERE `member_name` = 'admin' LIMIT 1   [ RunTime:0.0007s ]

[ 2017-03-02T14:19:37+08:00 ] ::1 /yscy/index.php?g=Admin&m=public&a=dologin
INFO: [ app_begin ] --START--
INFO: Run Behavior\ReadHtmlCacheBehavior [ RunTime:0.000782s ]
INFO: Run Behavior\CheckLangBehavior [ RunTime:0.001328s ]
INFO: Run Common\Behavior\UrldecodeGetBehavior [ RunTime:0.000434s ]
INFO: [ app_begin ] --END-- [ RunTime:0.003469s ]
INFO: [ admin_begin ] --START--
INFO: Run Common\Behavior\AdminDefaultLangBehavior [ RunTime:0.001232s ]
INFO: [ admin_begin ] --END-- [ RunTime:0.001284s ]
NOTIC: D方法实例化没找到模型类Common\Model\MemberModel
SQL: SHOW COLUMNS FROM `cmf_member` [ RunTime:0.0050s ]
SQL: SELECT * FROM `cmf_member` WHERE `member_name` = 'admin' LIMIT 1   [ RunTime:0.0007s ]
SQL: SHOW COLUMNS FROM `cmf_role_user` [ RunTime:0.0045s ]
NOTIC: [8] Undefined index: id D:\phpstudy\WWW\yscy\application\Admin\Controller\PublicController.class.php 第 78 行.
SQL: SELECT `role_id` FROM cmf_role_user a INNER JOIN cmf_role as b on a.role_id =b.id  WHERE `user_id` = null AND `status` = 1  [ RunTime:0.0009s ]
NOTIC: [8] Undefined index: id D:\phpstudy\WWW\yscy\application\Admin\Controller\PublicController.class.php 第 80 行.

[ 2017-03-02T14:25:03+08:00 ] ::1 /yscy/index.php?g=Admin&m=public&a=dologin
INFO: [ app_begin ] --START--
INFO: Run Behavior\ReadHtmlCacheBehavior [ RunTime:0.000529s ]
INFO: Run Behavior\CheckLangBehavior [ RunTime:0.001124s ]
INFO: Run Common\Behavior\UrldecodeGetBehavior [ RunTime:0.000374s ]
INFO: [ app_begin ] --END-- [ RunTime:0.002533s ]
INFO: [ admin_begin ] --START--
INFO: Run Common\Behavior\AdminDefaultLangBehavior [ RunTime:0.001506s ]
INFO: [ admin_begin ] --END-- [ RunTime:0.001600s ]
NOTIC: D方法实例化没找到模型类Common\Model\MemberModel
SQL: SHOW COLUMNS FROM `cmf_member` [ RunTime:0.0053s ]
SQL: SELECT * FROM `cmf_member` WHERE `member_name` = 'admin' LIMIT 1   [ RunTime:0.0004s ]
SQL: SHOW COLUMNS FROM `cmf_role_user` [ RunTime:0.0038s ]
SQL: SELECT `role_id` FROM cmf_role_user a INNER JOIN cmf_role as b on a.role_id =b.id  WHERE `user_id` = null AND `status` = 1  [ RunTime:0.0003s ]

[ 2017-03-02T14:26:28+08:00 ] ::1 /yscy/index.php?g=Admin&m=public&a=dologin
INFO: [ app_begin ] --START--
INFO: Run Behavior\ReadHtmlCacheBehavior [ RunTime:0.000747s ]
INFO: Run Behavior\CheckLangBehavior [ RunTime:0.001372s ]
INFO: Run Common\Behavior\UrldecodeGetBehavior [ RunTime:0.000399s ]
INFO: [ app_begin ] --END-- [ RunTime:0.003242s ]
INFO: [ admin_begin ] --START--
INFO: Run Common\Behavior\AdminDefaultLangBehavior [ RunTime:0.001522s ]
INFO: [ admin_begin ] --END-- [ RunTime:0.001578s ]
NOTIC: D方法实例化没找到模型类Common\Model\MemberModel
SQL: SHOW COLUMNS FROM `cmf_member` [ RunTime:0.0055s ]
SQL: SELECT * FROM `cmf_member` WHERE `member_name` = 'admin' LIMIT 1   [ RunTime:0.0005s ]
SQL: SHOW COLUMNS FROM `cmf_role_user` [ RunTime:0.0038s ]
SQL: SELECT `role_id` FROM cmf_role_user a INNER JOIN cmf_role as b on a.role_id =b.id  WHERE `user_id` = null AND `status` = 1  [ RunTime:0.0003s ]

[ 2017-03-02T14:27:52+08:00 ] ::1 /yscy/index.php?g=Admin&m=public&a=dologin
INFO: [ app_begin ] --START--
INFO: Run Behavior\ReadHtmlCacheBehavior [ RunTime:0.000515s ]
INFO: Run Behavior\CheckLangBehavior [ RunTime:0.001105s ]
INFO: Run Common\Behavior\UrldecodeGetBehavior [ RunTime:0.000338s ]
INFO: [ app_begin ] --END-- [ RunTime:0.002464s ]
INFO: [ admin_begin ] --START--
INFO: Run Common\Behavior\AdminDefaultLangBehavior [ RunTime:0.001612s ]
INFO: [ admin_begin ] --END-- [ RunTime:0.001666s ]
NOTIC: D方法实例化没找到模型类Common\Model\MemberModel
SQL: SHOW COLUMNS FROM `cmf_member` [ RunTime:0.0074s ]
SQL: SELECT * FROM `cmf_member` WHERE `member_name` = 'admin' LIMIT 1   [ RunTime:0.0006s ]
SQL: SHOW COLUMNS FROM `cmf_role_user` [ RunTime:0.0049s ]
SQL: SELECT `role_id` FROM cmf_role_user a INNER JOIN cmf_role as b on a.role_id =b.id  WHERE `user_id` = null AND `status` = 1  [ RunTime:0.0004s ]

[ 2017-03-02T14:31:31+08:00 ] ::1 /yscy/index.php?g=Admin&m=public&a=dologin
INFO: [ app_begin ] --START--
INFO: Run Behavior\ReadHtmlCacheBehavior [ RunTime:0.000550s ]
INFO: Run Behavior\CheckLangBehavior [ RunTime:0.001559s ]
INFO: Run Common\Behavior\UrldecodeGetBehavior [ RunTime:0.000661s ]
INFO: [ app_begin ] --END-- [ RunTime:0.003310s ]
INFO: [ admin_begin ] --START--
INFO: Run Common\Behavior\AdminDefaultLangBehavior [ RunTime:0.001661s ]
INFO: [ admin_begin ] --END-- [ RunTime:0.001719s ]
NOTIC: D方法实例化没找到模型类Common\Model\MemberModel
SQL: SHOW COLUMNS FROM `cmf_member` [ RunTime:0.0176s ]
SQL: SELECT * FROM `cmf_member` WHERE `member_name` = 'admin' LIMIT 1   [ RunTime:0.0004s ]
SQL: SHOW COLUMNS FROM `cmf_role_user` [ RunTime:0.0038s ]
SQL: SELECT `role_id` FROM cmf_role_user a INNER JOIN cmf_role as b on a.role_id =b.id  WHERE `user_id` = null AND `status` = 1  [ RunTime:0.0003s ]

[ 2017-03-02T14:35:33+08:00 ] ::1 /yscy/index.php?g=Admin&m=public&a=dologin
INFO: [ app_begin ] --START--
INFO: Run Behavior\ReadHtmlCacheBehavior [ RunTime:0.000491s ]
INFO: Run Behavior\CheckLangBehavior [ RunTime:0.001394s ]
INFO: Run Common\Behavior\UrldecodeGetBehavior [ RunTime:0.000318s ]
INFO: [ app_begin ] --END-- [ RunTime:0.002679s ]
INFO: [ admin_begin ] --START--
INFO: Run Common\Behavior\AdminDefaultLangBehavior [ RunTime:0.001641s ]
INFO: [ admin_begin ] --END-- [ RunTime:0.001717s ]

[ 2017-03-02T14:35:50+08:00 ] ::1 /yscy/index.php?g=Admin&m=public&a=dologin
INFO: [ app_begin ] --START--
INFO: Run Behavior\ReadHtmlCacheBehavior [ RunTime:0.000482s ]
INFO: Run Behavior\CheckLangBehavior [ RunTime:0.001107s ]
INFO: Run Common\Behavior\UrldecodeGetBehavior [ RunTime:0.000347s ]
INFO: [ app_begin ] --END-- [ RunTime:0.002365s ]
INFO: [ admin_begin ] --START--
INFO: Run Common\Behavior\AdminDefaultLangBehavior [ RunTime:0.001459s ]
INFO: [ admin_begin ] --END-- [ RunTime:0.001527s ]
NOTIC: D方法实例化没找到模型类Common\Model\MemberModel
SQL: SHOW COLUMNS FROM `cmf_member` [ RunTime:0.0045s ]
SQL: SELECT * FROM `cmf_member` WHERE `member_name` = 'admin' LIMIT 1   [ RunTime:0.0004s ]

[ 2017-03-02T14:36:46+08:00 ] ::1 /yscy/index.php?g=Admin&m=public&a=dologin
INFO: [ app_begin ] --START--
INFO: Run Behavior\ReadHtmlCacheBehavior [ RunTime:0.000707s ]
INFO: Run Behavior\CheckLangBehavior [ RunTime:0.001387s ]
INFO: Run Common\Behavior\UrldecodeGetBehavior [ RunTime:0.000356s ]
INFO: [ app_begin ] --END-- [ RunTime:0.003340s ]
INFO: [ admin_begin ] --START--
INFO: Run Common\Behavior\AdminDefaultLangBehavior [ RunTime:0.001546s ]
INFO: [ admin_begin ] --END-- [ RunTime:0.001608s ]
NOTIC: D方法实例化没找到模型类Common\Model\MemberModel
SQL: SHOW COLUMNS FROM `cmf_member` [ RunTime:0.0041s ]
SQL: SELECT * FROM `cmf_member` WHERE `member_name` = 'admin' LIMIT 1   [ RunTime:0.0004s ]
SQL: SHOW COLUMNS FROM `cmf_role_user` [ RunTime:0.0043s ]
SQL: SELECT `role_id` FROM cmf_role_user a INNER JOIN cmf_role as b on a.role_id =b.id  WHERE `user_id` = '1' AND `status` = 1  [ RunTime:0.0004s ]

[ 2017-03-02T14:37:13+08:00 ] ::1 /yscy/index.php?g=Admin&m=public&a=dologin
INFO: [ app_begin ] --START--
INFO: Run Behavior\ReadHtmlCacheBehavior [ RunTime:0.000510s ]
INFO: Run Behavior\CheckLangBehavior [ RunTime:0.001220s ]
INFO: Run Common\Behavior\UrldecodeGetBehavior [ RunTime:0.000348s ]
INFO: [ app_begin ] --END-- [ RunTime:0.002545s ]
INFO: [ admin_begin ] --START--
INFO: Run Common\Behavior\AdminDefaultLangBehavior [ RunTime:0.001862s ]
INFO: [ admin_begin ] --END-- [ RunTime:0.001962s ]
NOTIC: D方法实例化没找到模型类Common\Model\MemberModel
SQL: SHOW COLUMNS FROM `cmf_member` [ RunTime:0.0047s ]
SQL: SELECT * FROM `cmf_member` WHERE `member_name` = 'admin' LIMIT 1   [ RunTime:0.0003s ]
SQL: SHOW COLUMNS FROM `cmf_role_user` [ RunTime:0.0046s ]
SQL: SELECT `role_id` FROM cmf_role_user a INNER JOIN cmf_role as b on a.role_id =b.id  WHERE `user_id` = '1' AND `status` = 1  [ RunTime:0.0003s ]
SQL: UPDATE `cmf_member` SET `member_name`='admin',`member_truename`=NULL,`member_avatar`=NULL,`member_sex`=NULL,`member_birthday`=NULL,`member_passwd`='###4726c77e9b53083e4b8a2e46fc22a20e',`member_email`='345019187@qq.com',`member_qq`=NULL,`member_ww`=NULL,`member_login_num`=NULL,`member_time`=NULL,`member_login_time`='2017-03-02 14:37:13',`member_old_login_time`=NULL,`member_login_ip`='0.0.0.0',`member_old_login_ip`=NULL,`member_qqopenid`=NULL,`member_qqinfo`=NULL,`member_sinaopenid`=NULL,`member_sinainfo`=NULL,`member_points`=NULL,`available_predeposit`=NULL,`freeze_predeposit`=NULL,`inform_allow`=NULL,`is_buy`=NULL,`is_allowtalk`=NULL,`member_state`='1',`member_credit`=NULL,`member_snsvisitnum`=NULL,`member_areaid`=NULL,`member_cityid`=NULL,`member_provinceid`=NULL,`member_areainfo`=NULL,`member_privacy`=NULL,`user_type`='1' WHERE `member_id` = 1 [ RunTime:0.0005s ]

[ 2017-03-02T14:37:45+08:00 ] ::1 /yscy/index.php?g=Admin&m=public&a=dologin
INFO: [ app_begin ] --START--
INFO: Run Behavior\ReadHtmlCacheBehavior [ RunTime:0.000600s ]
INFO: Run Behavior\CheckLangBehavior [ RunTime:0.002146s ]
INFO: Run Common\Behavior\UrldecodeGetBehavior [ RunTime:0.000348s ]
INFO: [ app_begin ] --END-- [ RunTime:0.003701s ]
INFO: [ admin_begin ] --START--
INFO: Run Common\Behavior\AdminDefaultLangBehavior [ RunTime:0.001530s ]
INFO: [ admin_begin ] --END-- [ RunTime:0.001602s ]
NOTIC: D方法实例化没找到模型类Common\Model\MemberModel
SQL: SHOW COLUMNS FROM `cmf_member` [ RunTime:0.0067s ]
SQL: SELECT * FROM `cmf_member` WHERE `member_email` = '345019155@qq.com' LIMIT 1   [ RunTime:0.0005s ]

[ 2017-03-02T14:38:03+08:00 ] ::1 /yscy/index.php?g=Admin&m=public&a=dologin
INFO: [ app_begin ] --START--
INFO: Run Behavior\ReadHtmlCacheBehavior [ RunTime:0.000673s ]
INFO: Run Behavior\CheckLangBehavior [ RunTime:0.001560s ]
INFO: Run Common\Behavior\UrldecodeGetBehavior [ RunTime:0.000493s ]
INFO: [ app_begin ] --END-- [ RunTime:0.003252s ]
INFO: [ admin_begin ] --START--
INFO: Run Common\Behavior\AdminDefaultLangBehavior [ RunTime:0.002006s ]
INFO: [ admin_begin ] --END-- [ RunTime:0.002102s ]
NOTIC: D方法实例化没找到模型类Common\Model\MemberModel
SQL: SHOW COLUMNS FROM `cmf_member` [ RunTime:0.0042s ]
SQL: SELECT * FROM `cmf_member` WHERE `member_email` = '345019187@qq.com' LIMIT 1   [ RunTime:0.0004s ]
SQL: SHOW COLUMNS FROM `cmf_role_user` [ RunTime:0.0037s ]
SQL: SELECT `role_id` FROM cmf_role_user a INNER JOIN cmf_role as b on a.role_id =b.id  WHERE `user_id` = '1' AND `status` = 1  [ RunTime:0.0004s ]
SQL: UPDATE `cmf_member` SET `member_name`='admin',`member_truename`=NULL,`member_avatar`=NULL,`member_sex`=NULL,`member_birthday`=NULL,`member_passwd`='###4726c77e9b53083e4b8a2e46fc22a20e',`member_email`='345019187@qq.com',`member_qq`=NULL,`member_ww`=NULL,`member_login_num`=NULL,`member_time`=NULL,`member_login_time`='2017-03-02 14:38:03',`member_old_login_time`=NULL,`member_login_ip`='0.0.0.0',`member_old_login_ip`=NULL,`member_qqopenid`=NULL,`member_qqinfo`=NULL,`member_sinaopenid`=NULL,`member_sinainfo`=NULL,`member_points`=NULL,`available_predeposit`=NULL,`freeze_predeposit`=NULL,`inform_allow`=NULL,`is_buy`=NULL,`is_allowtalk`=NULL,`member_state`='1',`member_credit`=NULL,`member_snsvisitnum`=NULL,`member_areaid`=NULL,`member_cityid`=NULL,`member_provinceid`=NULL,`member_areainfo`=NULL,`member_privacy`=NULL,`user_type`='1' WHERE `member_id` = 1 [ RunTime:0.0003s ]

[ 2017-03-02T14:53:33+08:00 ] ::1 /yscy/index.php?g=Admin&m=User&a=index
ERR: 1054:Unknown column 'create_time' in 'order clause'
 [ SQL语句 ] : SELECT * FROM `cmf_member` WHERE `user_type` = 1 ORDER BY create_time DESC LIMIT 0,20  

[ 2017-03-02T15:11:18+08:00 ] ::1 /yscy/index.php?g=Admin&m=User&a=userinfo_post
INFO: [ app_begin ] --START--
INFO: Run Behavior\ReadHtmlCacheBehavior [ RunTime:0.000611s ]
INFO: Run Behavior\CheckLangBehavior [ RunTime:0.001599s ]
INFO: Run Common\Behavior\UrldecodeGetBehavior [ RunTime:0.000434s ]
INFO: [ app_begin ] --END-- [ RunTime:0.003134s ]
INFO: [ admin_begin ] --START--
INFO: Run Common\Behavior\AdminDefaultLangBehavior [ RunTime:0.002241s ]
INFO: [ admin_begin ] --END-- [ RunTime:0.002338s ]
SQL: SHOW COLUMNS FROM `cmf_users` [ RunTime:0.0046s ]
SQL: SELECT * FROM `cmf_users` WHERE `id` = '1' LIMIT 1   [ RunTime:0.0005s ]
SQL: SHOW COLUMNS FROM `cmf_member` [ RunTime:0.0062s ]
SQL: SHOW COLUMNS FROM `cmf_role` [ RunTime:0.0046s ]
NOTIC: [8] Undefined index: validate D:\phpstudy\WWW\yscy\simplewind\Core\Library\Think\Model.class.php 第 1185 行.
NOTIC: [8] Undefined index: member_name D:\phpstudy\WWW\yscy\simplewind\Core\Library\Think\Model.class.php 第 1303 行.

[ 2017-03-02T15:17:59+08:00 ] ::1 /yscy/index.php?g=Admin&m=User&a=userinfo_post
INFO: [ app_begin ] --START--
INFO: Run Behavior\ReadHtmlCacheBehavior [ RunTime:0.000543s ]
INFO: Run Behavior\CheckLangBehavior [ RunTime:0.001663s ]
INFO: Run Common\Behavior\UrldecodeGetBehavior [ RunTime:0.000441s ]
INFO: [ app_begin ] --END-- [ RunTime:0.003345s ]
INFO: [ admin_begin ] --START--
INFO: Run Common\Behavior\AdminDefaultLangBehavior [ RunTime:0.002589s ]
INFO: [ admin_begin ] --END-- [ RunTime:0.002701s ]
SQL: SHOW COLUMNS FROM `cmf_users` [ RunTime:0.0055s ]
SQL: SELECT * FROM `cmf_users` WHERE `id` = '1' LIMIT 1   [ RunTime:0.0005s ]
SQL: SHOW COLUMNS FROM `cmf_member` [ RunTime:0.0055s ]
SQL: SHOW COLUMNS FROM `cmf_role` [ RunTime:0.0054s ]
NOTIC: [8] Undefined index: validate D:\phpstudy\WWW\yscy\simplewind\Core\Library\Think\Model.class.php 第 1185 行.
NOTIC: [8] Undefined index: auto D:\phpstudy\WWW\yscy\simplewind\Core\Library\Think\Model.class.php 第 1128 行.
NOTIC: [8] Undefined index: birthday D:\phpstudy\WWW\yscy\simplewind\Core\Library\Think\Model.class.php 第 1163 行.

[ 2017-03-02T15:19:22+08:00 ] ::1 /yscy/index.php?g=Admin&m=User&a=userinfo_post
INFO: [ app_begin ] --START--
INFO: Run Behavior\ReadHtmlCacheBehavior [ RunTime:0.000618s ]
INFO: Run Behavior\CheckLangBehavior [ RunTime:0.001740s ]
INFO: Run Common\Behavior\UrldecodeGetBehavior [ RunTime:0.001537s ]
INFO: [ app_begin ] --END-- [ RunTime:0.004457s ]
INFO: [ admin_begin ] --START--
INFO: Run Common\Behavior\AdminDefaultLangBehavior [ RunTime:0.002118s ]
INFO: [ admin_begin ] --END-- [ RunTime:0.002241s ]
SQL: SHOW COLUMNS FROM `cmf_users` [ RunTime:0.0054s ]
SQL: SELECT * FROM `cmf_users` WHERE `id` = '1' LIMIT 1   [ RunTime:0.0004s ]
SQL: SHOW COLUMNS FROM `cmf_member` [ RunTime:0.0060s ]
SQL: SHOW COLUMNS FROM `cmf_role` [ RunTime:0.0045s ]
NOTIC: [8] Undefined index: validate D:\phpstudy\WWW\yscy\simplewind\Core\Library\Think\Model.class.php 第 1185 行.
NOTIC: [8] Undefined index: auto D:\phpstudy\WWW\yscy\simplewind\Core\Library\Think\Model.class.php 第 1128 行.

[ 2017-03-02T15:21:16+08:00 ] ::1 /yscy/index.php?g=Admin&m=User&a=userinfo_post
INFO: [ app_begin ] --START--
INFO: Run Behavior\ReadHtmlCacheBehavior [ RunTime:0.000548s ]
INFO: Run Behavior\CheckLangBehavior [ RunTime:0.001222s ]
INFO: Run Common\Behavior\UrldecodeGetBehavior [ RunTime:0.000520s ]
INFO: [ app_begin ] --END-- [ RunTime:0.002862s ]
INFO: [ admin_begin ] --START--
INFO: Run Common\Behavior\AdminDefaultLangBehavior [ RunTime:0.001990s ]
INFO: [ admin_begin ] --END-- [ RunTime:0.002063s ]
SQL: SHOW COLUMNS FROM `cmf_users` [ RunTime:0.0038s ]
SQL: SELECT * FROM `cmf_users` WHERE `id` = '1' LIMIT 1   [ RunTime:0.0003s ]
SQL: SHOW COLUMNS FROM `cmf_member` [ RunTime:0.0051s ]
SQL: SHOW COLUMNS FROM `cmf_role` [ RunTime:0.0034s ]
NOTIC: [8] Undefined index: validate D:\phpstudy\WWW\yscy\simplewind\Core\Library\Think\Model.class.php 第 1185 行.
NOTIC: [8] Undefined index: auto D:\phpstudy\WWW\yscy\simplewind\Core\Library\Think\Model.class.php 第 1128 行.

[ 2017-03-02T15:23:18+08:00 ] ::1 /yscy/index.php?g=Admin&m=User&a=userinfo_post
INFO: [ app_begin ] --START--
INFO: Run Behavior\ReadHtmlCacheBehavior [ RunTime:0.000629s ]
INFO: Run Behavior\CheckLangBehavior [ RunTime:0.001628s ]
INFO: Run Common\Behavior\UrldecodeGetBehavior [ RunTime:0.000425s ]
INFO: [ app_begin ] --END-- [ RunTime:0.003339s ]
INFO: [ admin_begin ] --START--
INFO: Run Common\Behavior\AdminDefaultLangBehavior [ RunTime:0.001827s ]
INFO: [ admin_begin ] --END-- [ RunTime:0.001883s ]
SQL: SHOW COLUMNS FROM `cmf_users` [ RunTime:0.0045s ]
SQL: SELECT * FROM `cmf_users` WHERE `id` = '1' LIMIT 1   [ RunTime:0.0004s ]
SQL: SHOW COLUMNS FROM `cmf_member` [ RunTime:0.0046s ]
SQL: SHOW COLUMNS FROM `cmf_role` [ RunTime:0.0042s ]
NOTIC: [8] Undefined index: validate D:\phpstudy\WWW\yscy\simplewind\Core\Library\Think\Model.class.php 第 1185 行.
NOTIC: [8] Undefined index: auto D:\phpstudy\WWW\yscy\simplewind\Core\Library\Think\Model.class.php 第 1128 行.

[ 2017-03-02T15:25:16+08:00 ] ::1 /yscy/index.php?g=Admin&m=User&a=userinfo_post
INFO: [ app_begin ] --START--
INFO: Run Behavior\ReadHtmlCacheBehavior [ RunTime:0.000546s ]
INFO: Run Behavior\CheckLangBehavior [ RunTime:0.001418s ]
INFO: Run Common\Behavior\UrldecodeGetBehavior [ RunTime:0.000379s ]
INFO: [ app_begin ] --END-- [ RunTime:0.002870s ]
INFO: [ admin_begin ] --START--
INFO: Run Common\Behavior\AdminDefaultLangBehavior [ RunTime:0.001830s ]
INFO: [ admin_begin ] --END-- [ RunTime:0.001884s ]
SQL: SHOW COLUMNS FROM `cmf_users` [ RunTime:0.0048s ]
SQL: SELECT * FROM `cmf_users` WHERE `id` = '1' LIMIT 1   [ RunTime:0.0004s ]
SQL: SHOW COLUMNS FROM `cmf_member` [ RunTime:0.0054s ]
SQL: SHOW COLUMNS FROM `cmf_role` [ RunTime:0.0046s ]
NOTIC: [8] Undefined index: validate D:\phpstudy\WWW\yscy\simplewind\Core\Library\Think\Model.class.php 第 1185 行.
NOTIC: [8] Undefined index: auto D:\phpstudy\WWW\yscy\simplewind\Core\Library\Think\Model.class.php 第 1128 行.

[ 2017-03-02T15:26:22+08:00 ] ::1 /yscy/index.php?g=Admin&m=User&a=userinfo_post
INFO: [ app_begin ] --START--
INFO: Run Behavior\ReadHtmlCacheBehavior [ RunTime:0.000622s ]
INFO: Run Behavior\CheckLangBehavior [ RunTime:0.002316s ]
INFO: Run Common\Behavior\UrldecodeGetBehavior [ RunTime:0.000370s ]
INFO: [ app_begin ] --END-- [ RunTime:0.003977s ]
INFO: [ admin_begin ] --START--
INFO: Run Common\Behavior\AdminDefaultLangBehavior [ RunTime:0.001788s ]
INFO: [ admin_begin ] --END-- [ RunTime:0.001843s ]
SQL: SHOW COLUMNS FROM `cmf_users` [ RunTime:0.0048s ]
SQL: SELECT * FROM `cmf_users` WHERE `id` = '1' LIMIT 1   [ RunTime:0.0004s ]
SQL: SHOW COLUMNS FROM `cmf_member` [ RunTime:0.0036s ]
SQL: SHOW COLUMNS FROM `cmf_role` [ RunTime:0.0039s ]
NOTIC: [8] Undefined index: validate D:\phpstudy\WWW\yscy\simplewind\Core\Library\Think\Model.class.php 第 1185 行.
NOTIC: [8] Undefined index: auto D:\phpstudy\WWW\yscy\simplewind\Core\Library\Think\Model.class.php 第 1128 行.

[ 2017-03-02T15:27:27+08:00 ] ::1 /yscy/index.php?g=Admin&m=User&a=userinfo_post
INFO: [ app_begin ] --START--
INFO: Run Behavior\ReadHtmlCacheBehavior [ RunTime:0.000817s ]
INFO: Run Behavior\CheckLangBehavior [ RunTime:0.001395s ]
INFO: Run Common\Behavior\UrldecodeGetBehavior [ RunTime:0.000377s ]
INFO: [ app_begin ] --END-- [ RunTime:0.003494s ]
INFO: [ admin_begin ] --START--
INFO: Run Common\Behavior\AdminDefaultLangBehavior [ RunTime:0.001731s ]
INFO: [ admin_begin ] --END-- [ RunTime:0.001793s ]
SQL: SHOW COLUMNS FROM `cmf_users` [ RunTime:0.0045s ]
SQL: SELECT * FROM `cmf_users` WHERE `id` = '1' LIMIT 1   [ RunTime:0.0004s ]
SQL: SHOW COLUMNS FROM `cmf_member` [ RunTime:0.0058s ]
SQL: SHOW COLUMNS FROM `cmf_role` [ RunTime:0.0049s ]
NOTIC: [8] Undefined index: validate D:\phpstudy\WWW\yscy\simplewind\Core\Library\Think\Model.class.php 第 1185 行.
NOTIC: [8] Undefined index: auto D:\phpstudy\WWW\yscy\simplewind\Core\Library\Think\Model.class.php 第 1128 行.

[ 2017-03-02T15:28:11+08:00 ] ::1 /yscy/index.php?g=Admin&m=User&a=userinfo_post
INFO: [ app_begin ] --START--
INFO: Run Behavior\ReadHtmlCacheBehavior [ RunTime:0.000533s ]
INFO: Run Behavior\CheckLangBehavior [ RunTime:0.001371s ]
INFO: Run Common\Behavior\UrldecodeGetBehavior [ RunTime:0.000325s ]
INFO: [ app_begin ] --END-- [ RunTime:0.002729s ]
INFO: [ admin_begin ] --START--
INFO: Run Common\Behavior\AdminDefaultLangBehavior [ RunTime:0.002128s ]
INFO: [ admin_begin ] --END-- [ RunTime:0.002253s ]
SQL: SHOW COLUMNS FROM `cmf_users` [ RunTime:0.0044s ]
SQL: SELECT * FROM `cmf_users` WHERE `id` = '1' LIMIT 1   [ RunTime:0.0004s ]
SQL: SHOW COLUMNS FROM `cmf_member` [ RunTime:0.0049s ]
SQL: SHOW COLUMNS FROM `cmf_role` [ RunTime:0.0049s ]
NOTIC: [8] Undefined index: validate D:\phpstudy\WWW\yscy\simplewind\Core\Library\Think\Model.class.php 第 1185 行.
NOTIC: [8] Undefined index: auto D:\phpstudy\WWW\yscy\simplewind\Core\Library\Think\Model.class.php 第 1128 行.

[ 2017-03-02T15:28:46+08:00 ] ::1 /yscy/index.php?g=Admin&m=User&a=userinfo_post
INFO: [ app_begin ] --START--
INFO: Run Behavior\ReadHtmlCacheBehavior [ RunTime:0.000674s ]
INFO: Run Behavior\CheckLangBehavior [ RunTime:0.002189s ]
INFO: Run Common\Behavior\UrldecodeGetBehavior [ RunTime:0.000428s ]
INFO: [ app_begin ] --END-- [ RunTime:0.003809s ]
INFO: [ admin_begin ] --START--
INFO: Run Common\Behavior\AdminDefaultLangBehavior [ RunTime:0.001836s ]
INFO: [ admin_begin ] --END-- [ RunTime:0.001915s ]
SQL: SHOW COLUMNS FROM `cmf_users` [ RunTime:0.0045s ]
SQL: SELECT * FROM `cmf_users` WHERE `id` = '1' LIMIT 1   [ RunTime:0.0005s ]
SQL: SHOW COLUMNS FROM `cmf_member` [ RunTime:0.0043s ]
SQL: SHOW COLUMNS FROM `cmf_role` [ RunTime:0.0039s ]
NOTIC: [8] Undefined index: validate D:\phpstudy\WWW\yscy\simplewind\Core\Library\Think\Model.class.php 第 1185 行.
NOTIC: [8] Undefined index: auto D:\phpstudy\WWW\yscy\simplewind\Core\Library\Think\Model.class.php 第 1128 行.

[ 2017-03-02T15:29:55+08:00 ] ::1 /yscy/index.php?g=Admin&m=User&a=userinfo_post
INFO: [ app_begin ] --START--
INFO: Run Behavior\ReadHtmlCacheBehavior [ RunTime:0.000534s ]
INFO: Run Behavior\CheckLangBehavior [ RunTime:0.001402s ]
INFO: Run Common\Behavior\UrldecodeGetBehavior [ RunTime:0.000384s ]
INFO: [ app_begin ] --END-- [ RunTime:0.002817s ]
INFO: [ admin_begin ] --START--
INFO: Run Common\Behavior\AdminDefaultLangBehavior [ RunTime:0.002333s ]
INFO: [ admin_begin ] --END-- [ RunTime:0.002476s ]
SQL: SHOW COLUMNS FROM `cmf_users` [ RunTime:0.0037s ]
SQL: SELECT * FROM `cmf_users` WHERE `id` = '1' LIMIT 1   [ RunTime:0.0004s ]
SQL: SHOW COLUMNS FROM `cmf_member` [ RunTime:0.0044s ]
SQL: SHOW COLUMNS FROM `cmf_role` [ RunTime:0.0040s ]
NOTIC: [8] Undefined index: validate D:\phpstudy\WWW\yscy\simplewind\Core\Library\Think\Model.class.php 第 1185 行.
NOTIC: [8] Undefined index: auto D:\phpstudy\WWW\yscy\simplewind\Core\Library\Think\Model.class.php 第 1128 行.

[ 2017-03-02T15:30:51+08:00 ] ::1 /yscy/index.php?g=Admin&m=User&a=userinfo_post
INFO: [ app_begin ] --START--
INFO: Run Behavior\ReadHtmlCacheBehavior [ RunTime:0.001310s ]
INFO: Run Behavior\CheckLangBehavior [ RunTime:0.001916s ]
INFO: Run Common\Behavior\UrldecodeGetBehavior [ RunTime:0.000501s ]
INFO: [ app_begin ] --END-- [ RunTime:0.004478s ]
INFO: [ admin_begin ] --START--
INFO: Run Common\Behavior\AdminDefaultLangBehavior [ RunTime:0.001953s ]
INFO: [ admin_begin ] --END-- [ RunTime:0.002020s ]
SQL: SHOW COLUMNS FROM `cmf_users` [ RunTime:0.0084s ]
SQL: SELECT * FROM `cmf_users` WHERE `id` = '1' LIMIT 1   [ RunTime:0.0006s ]
SQL: SHOW COLUMNS FROM `cmf_member` [ RunTime:0.0068s ]
SQL: SHOW COLUMNS FROM `cmf_role` [ RunTime:0.0053s ]
NOTIC: [8] Undefined index: validate D:\phpstudy\WWW\yscy\simplewind\Core\Library\Think\Model.class.php 第 1185 行.
NOTIC: [8] Undefined index: auto D:\phpstudy\WWW\yscy\simplewind\Core\Library\Think\Model.class.php 第 1128 行.

[ 2017-03-02T15:31:14+08:00 ] ::1 /yscy/index.php?g=Admin&m=User&a=userinfo_post
INFO: [ app_begin ] --START--
INFO: Run Behavior\ReadHtmlCacheBehavior [ RunTime:0.000728s ]
INFO: Run Behavior\CheckLangBehavior [ RunTime:0.001340s ]
INFO: Run Common\Behavior\UrldecodeGetBehavior [ RunTime:0.000289s ]
INFO: [ app_begin ] --END-- [ RunTime:0.002952s ]
INFO: [ admin_begin ] --START--
INFO: Run Common\Behavior\AdminDefaultLangBehavior [ RunTime:0.001377s ]
INFO: [ admin_begin ] --END-- [ RunTime:0.001427s ]
SQL: SHOW COLUMNS FROM `cmf_users` [ RunTime:0.0039s ]
SQL: SELECT * FROM `cmf_users` WHERE `id` = '1' LIMIT 1   [ RunTime:0.0005s ]
SQL: SHOW COLUMNS FROM `cmf_member` [ RunTime:0.0041s ]
SQL: SHOW COLUMNS FROM `cmf_role` [ RunTime:0.0039s ]
NOTIC: [8] Undefined index: validate D:\phpstudy\WWW\yscy\simplewind\Core\Library\Think\Model.class.php 第 1185 行.
NOTIC: [8] Undefined index: auto D:\phpstudy\WWW\yscy\simplewind\Core\Library\Think\Model.class.php 第 1128 行.

[ 2017-03-02T15:31:43+08:00 ] ::1 /yscy/index.php?g=Admin&m=User&a=userinfo_post
INFO: [ app_begin ] --START--
INFO: Run Behavior\ReadHtmlCacheBehavior [ RunTime:0.000537s ]
INFO: Run Behavior\CheckLangBehavior [ RunTime:0.001442s ]
INFO: Run Common\Behavior\UrldecodeGetBehavior [ RunTime:0.000384s ]
INFO: [ app_begin ] --END-- [ RunTime:0.002994s ]
INFO: [ admin_begin ] --START--
INFO: Run Common\Behavior\AdminDefaultLangBehavior [ RunTime:0.001753s ]
INFO: [ admin_begin ] --END-- [ RunTime:0.001805s ]
SQL: SHOW COLUMNS FROM `cmf_users` [ RunTime:0.0041s ]
SQL: SELECT * FROM `cmf_users` WHERE `id` = '1' LIMIT 1   [ RunTime:0.0003s ]
SQL: SHOW COLUMNS FROM `cmf_member` [ RunTime:0.0040s ]
SQL: SHOW COLUMNS FROM `cmf_role` [ RunTime:0.0041s ]
NOTIC: [8] Undefined index: validate D:\phpstudy\WWW\yscy\simplewind\Core\Library\Think\Model.class.php 第 1185 行.
NOTIC: [8] Undefined index: auto D:\phpstudy\WWW\yscy\simplewind\Core\Library\Think\Model.class.php 第 1128 行.
SQL: UPDATE `cmf_member` SET `user_nicename`='小明',`member_sex`='0',`member_birthday`='2017-03-07',`user_url`='',`signature`='11111' WHERE `member_id` = 1 [ RunTime:0.0004s ]

[ 2017-03-02T15:32:10+08:00 ] ::1 /yscy/index.php?g=Admin&m=User&a=userinfo_post
INFO: [ app_begin ] --START--
INFO: Run Behavior\ReadHtmlCacheBehavior [ RunTime:0.000492s ]
INFO: Run Behavior\CheckLangBehavior [ RunTime:0.001315s ]
INFO: Run Common\Behavior\UrldecodeGetBehavior [ RunTime:0.000375s ]
INFO: [ app_begin ] --END-- [ RunTime:0.002708s ]
INFO: [ admin_begin ] --START--
INFO: Run Common\Behavior\AdminDefaultLangBehavior [ RunTime:0.001835s ]
INFO: [ admin_begin ] --END-- [ RunTime:0.001958s ]
SQL: SHOW COLUMNS FROM `cmf_users` [ RunTime:0.0046s ]
SQL: SELECT * FROM `cmf_users` WHERE `id` = '1' LIMIT 1   [ RunTime:0.0003s ]
SQL: SHOW COLUMNS FROM `cmf_member` [ RunTime:0.0043s ]
SQL: SHOW COLUMNS FROM `cmf_role` [ RunTime:0.0043s ]
NOTIC: [8] Undefined index: validate D:\phpstudy\WWW\yscy\simplewind\Core\Library\Think\Model.class.php 第 1185 行.
NOTIC: [8] Undefined index: auto D:\phpstudy\WWW\yscy\simplewind\Core\Library\Think\Model.class.php 第 1128 行.
SQL: UPDATE `cmf_member` SET `user_nicename`='小明11',`member_sex`='1',`member_birthday`='2017-03-13',`user_url`='',`signature`='444' WHERE `member_id` = 1 [ RunTime:0.0006s ]

[ 2017-03-02T15:32:37+08:00 ] ::1 /yscy/index.php?g=Admin&m=User&a=userinfo_post
INFO: [ app_begin ] --START--
INFO: Run Behavior\ReadHtmlCacheBehavior [ RunTime:0.000704s ]
INFO: Run Behavior\CheckLangBehavior [ RunTime:0.001350s ]
INFO: Run Common\Behavior\UrldecodeGetBehavior [ RunTime:0.000315s ]
INFO: [ app_begin ] --END-- [ RunTime:0.003175s ]
INFO: [ admin_begin ] --START--
INFO: Run Common\Behavior\AdminDefaultLangBehavior [ RunTime:0.001835s ]
INFO: [ admin_begin ] --END-- [ RunTime:0.001899s ]
SQL: SHOW COLUMNS FROM `cmf_users` [ RunTime:0.0037s ]
SQL: SELECT * FROM `cmf_users` WHERE `id` = '1' LIMIT 1   [ RunTime:0.0004s ]
SQL: SHOW COLUMNS FROM `cmf_member` [ RunTime:0.0038s ]
SQL: SHOW COLUMNS FROM `cmf_role` [ RunTime:0.0037s ]
NOTIC: [8] Undefined index: validate D:\phpstudy\WWW\yscy\simplewind\Core\Library\Think\Model.class.php 第 1185 行.
NOTIC: [8] Undefined index: auto D:\phpstudy\WWW\yscy\simplewind\Core\Library\Think\Model.class.php 第 1128 行.
SQL: UPDATE `cmf_member` SET `user_nicename`='小明11',`member_sex`='2',`member_birthday`='2017-03-13',`user_url`='',`signature`='444' WHERE `member_id` = 1 [ RunTime:0.0003s ]

[ 2017-03-02T15:43:32+08:00 ] ::1 /yscy/index.php?g=Admin&m=setting&a=password_post
INFO: [ app_begin ] --START--
INFO: Run Behavior\ReadHtmlCacheBehavior [ RunTime:0.000529s ]
INFO: Run Behavior\CheckLangBehavior [ RunTime:0.003893s ]
INFO: Run Common\Behavior\UrldecodeGetBehavior [ RunTime:0.000368s ]
INFO: [ app_begin ] --END-- [ RunTime:0.005362s ]
INFO: [ admin_begin ] --START--
INFO: Run Common\Behavior\AdminDefaultLangBehavior [ RunTime:0.002314s ]
INFO: [ admin_begin ] --END-- [ RunTime:0.002411s ]
SQL: SHOW COLUMNS FROM `cmf_users` [ RunTime:0.0039s ]
SQL: SELECT * FROM `cmf_users` WHERE `id` = '1' LIMIT 1   [ RunTime:0.0004s ]
SQL: SHOW COLUMNS FROM `cmf_options` [ RunTime:0.0039s ]
SQL: SHOW COLUMNS FROM `cmf_member` [ RunTime:0.0044s ]
SQL: SELECT * FROM `cmf_member` WHERE `member_id` = 1 LIMIT 1   [ RunTime:0.0005s ]
SQL: UPDATE `cmf_member` SET `member_passwd`='###f382cd0bdd6333008b47e50ae472d744' WHERE `member_id` = 1 [ RunTime:0.0004s ]

[ 2017-03-02T15:44:35+08:00 ] ::1 /yscy/index.php?g=Admin&m=public&a=dologin
INFO: [ app_begin ] --START--
INFO: Run Behavior\ReadHtmlCacheBehavior [ RunTime:0.001220s ]
INFO: Run Behavior\CheckLangBehavior [ RunTime:0.001847s ]
INFO: Run Common\Behavior\UrldecodeGetBehavior [ RunTime:0.000488s ]
INFO: [ app_begin ] --END-- [ RunTime:0.004263s ]
INFO: [ admin_begin ] --START--
INFO: Run Common\Behavior\AdminDefaultLangBehavior [ RunTime:0.001918s ]
INFO: [ admin_begin ] --END-- [ RunTime:0.001977s ]
SQL: SHOW COLUMNS FROM `cmf_member` [ RunTime:0.0042s ]
SQL: SELECT * FROM `cmf_member` WHERE `member_email` = '345019187@qq.com' LIMIT 1   [ RunTime:0.0004s ]
SQL: SHOW COLUMNS FROM `cmf_role_user` [ RunTime:0.0040s ]
SQL: SELECT `role_id` FROM cmf_role_user a INNER JOIN cmf_role as b on a.role_id =b.id  WHERE `user_id` = '1' AND `status` = 1  [ RunTime:0.0009s ]
SQL: UPDATE `cmf_member` SET `member_name`='admin',`member_truename`=NULL,`member_avatar`=NULL,`member_sex`='2',`member_birthday`='2017-03-13',`member_passwd`='###f382cd0bdd6333008b47e50ae472d744',`member_email`='345019187@qq.com',`member_qq`=NULL,`member_ww`=NULL,`member_login_num`=NULL,`member_time`=NULL,`member_login_time`='2017-03-02 15:44:35',`member_old_login_time`=NULL,`member_login_ip`='0.0.0.0',`member_old_login_ip`=NULL,`member_qqopenid`=NULL,`member_qqinfo`=NULL,`member_sinaopenid`=NULL,`member_sinainfo`=NULL,`member_points`=NULL,`available_predeposit`=NULL,`freeze_predeposit`=NULL,`inform_allow`=NULL,`is_buy`=NULL,`is_allowtalk`=NULL,`member_state`='1',`member_credit`=NULL,`member_snsvisitnum`=NULL,`member_areaid`=NULL,`member_cityid`=NULL,`member_provinceid`=NULL,`member_areainfo`=NULL,`member_privacy`=NULL,`user_type`='1',`mobile`=NULL,`user_nicename`='小明11',`user_url`='',`signature`='444' WHERE `member_id` = 1 [ RunTime:0.0006s ]

[ 2017-03-02T16:17:43+08:00 ] ::1 /yscy/index.php?g=Admin&m=Rbac&a=roleadd_post
INFO: [ app_begin ] --START--
INFO: Run Behavior\ReadHtmlCacheBehavior [ RunTime:0.000587s ]
INFO: Run Behavior\CheckLangBehavior [ RunTime:0.001994s ]
INFO: Run Common\Behavior\UrldecodeGetBehavior [ RunTime:0.000441s ]
INFO: [ app_begin ] --END-- [ RunTime:0.003634s ]
INFO: [ admin_begin ] --START--
INFO: Run Common\Behavior\AdminDefaultLangBehavior [ RunTime:0.001755s ]
INFO: [ admin_begin ] --END-- [ RunTime:0.001827s ]
SQL: SHOW COLUMNS FROM `cmf_users` [ RunTime:0.0049s ]
SQL: SELECT * FROM `cmf_users` WHERE `id` = '1' LIMIT 1   [ RunTime:0.0005s ]
SQL: SHOW COLUMNS FROM `cmf_role` [ RunTime:0.0043s ]
NOTIC: [8] Undefined index: validate D:\phpstudy\WWW\yscy\simplewind\Core\Library\Think\Model.class.php 第 1185 行.
NOTIC: [8] Undefined index: auto D:\phpstudy\WWW\yscy\simplewind\Core\Library\Think\Model.class.php 第 1128 行.
SQL: INSERT INTO `cmf_role` (`name`,`remark`,`status`,`create_time`) VALUES ('初级管理员','初级管理员','1','1488442663') [ RunTime:0.0004s ]

[ 2017-03-02T16:17:49+08:00 ] ::1 /yscy/index.php?g=Admin&m=Rbac&a=authorize&id=2
NOTIC: D方法实例化没找到模型类Common\Model\AuthAccessModel

[ 2017-03-02T16:18:00+08:00 ] ::1 /yscy/index.php?g=Admin&m=rbac&a=authorize_post
INFO: [ app_begin ] --START--
INFO: Run Behavior\ReadHtmlCacheBehavior [ RunTime:0.000537s ]
INFO: Run Behavior\CheckLangBehavior [ RunTime:0.001411s ]
INFO: Run Common\Behavior\UrldecodeGetBehavior [ RunTime:0.000392s ]
INFO: [ app_begin ] --END-- [ RunTime:0.002815s ]
INFO: [ admin_begin ] --START--
INFO: Run Common\Behavior\AdminDefaultLangBehavior [ RunTime:0.001570s ]
INFO: [ admin_begin ] --END-- [ RunTime:0.001623s ]
SQL: SHOW COLUMNS FROM `cmf_users` [ RunTime:0.0047s ]
SQL: SELECT * FROM `cmf_users` WHERE `id` = '1' LIMIT 1   [ RunTime:0.0003s ]
SQL: SHOW COLUMNS FROM `cmf_role` [ RunTime:0.0039s ]
NOTIC: D方法实例化没找到模型类Common\Model\AuthAccessModel
SQL: SHOW COLUMNS FROM `cmf_auth_access` [ RunTime:0.0041s ]
SQL: SHOW COLUMNS FROM `cmf_menu` [ RunTime:0.0052s ]
SQL: SHOW COLUMNS FROM `cmf_auth_rule` [ RunTime:0.0443s ]
SQL: DELETE FROM `cmf_auth_access` WHERE `role_id` = 2 AND `type` = 'admin_url' [ RunTime:0.0138s ]
SQL: SELECT `app`,`model`,`action` FROM `cmf_menu` WHERE `id` = 1 LIMIT 1   [ RunTime:0.0004s ]
SQL: INSERT INTO `cmf_auth_access` (`role_id`,`rule_name`,`type`) VALUES ('2','admin/content/default','admin_url') [ RunTime:0.0003s ]
SQL: SELECT `app`,`model`,`action` FROM `cmf_menu` WHERE `id` = 2 LIMIT 1   [ RunTime:0.0003s ]
SQL: INSERT INTO `cmf_auth_access` (`role_id`,`rule_name`,`type`) VALUES ('2','api/guestbookadmin/index','admin_url') [ RunTime:0.0002s ]
SQL: SELECT `app`,`model`,`action` FROM `cmf_menu` WHERE `id` = 3 LIMIT 1   [ RunTime:0.0003s ]
SQL: INSERT INTO `cmf_auth_access` (`role_id`,`rule_name`,`type`) VALUES ('2','api/guestbookadmin/delete','admin_url') [ RunTime:0.0003s ]
SQL: SELECT `app`,`model`,`action` FROM `cmf_menu` WHERE `id` = 4 LIMIT 1   [ RunTime:0.0002s ]
SQL: INSERT INTO `cmf_auth_access` (`role_id`,`rule_name`,`type`) VALUES ('2','comment/commentadmin/index','admin_url') [ RunTime:0.0002s ]
SQL: SELECT `app`,`model`,`action` FROM `cmf_menu` WHERE `id` = 5 LIMIT 1   [ RunTime:0.0004s ]
SQL: INSERT INTO `cmf_auth_access` (`role_id`,`rule_name`,`type`) VALUES ('2','comment/commentadmin/delete','admin_url') [ RunTime:0.0003s ]
SQL: SELECT `app`,`model`,`action` FROM `cmf_menu` WHERE `id` = 6 LIMIT 1   [ RunTime:0.0003s ]
SQL: INSERT INTO `cmf_auth_access` (`role_id`,`rule_name`,`type`) VALUES ('2','comment/commentadmin/check','admin_url') [ RunTime:0.0003s ]
SQL: SELECT `app`,`model`,`action` FROM `cmf_menu` WHERE `id` = 7 LIMIT 1   [ RunTime:0.0003s ]
SQL: INSERT INTO `cmf_auth_access` (`role_id`,`rule_name`,`type`) VALUES ('2','portal/adminpost/index','admin_url') [ RunTime:0.0003s ]
SQL: SELECT `app`,`model`,`action` FROM `cmf_menu` WHERE `id` = 8 LIMIT 1   [ RunTime:0.0003s ]
SQL: INSERT INTO `cmf_auth_access` (`role_id`,`rule_name`,`type`) VALUES ('2','portal/adminpost/listorders','admin_url') [ RunTime:0.0002s ]
SQL: SELECT `app`,`model`,`action` FROM `cmf_menu` WHERE `id` = 9 LIMIT 1   [ RunTime:0.0002s ]
SQL: INSERT INTO `cmf_auth_access` (`role_id`,`rule_name`,`type`) VALUES ('2','portal/adminpost/top','admin_url') [ RunTime:0.0003s ]
SQL: SELECT `app`,`model`,`action` FROM `cmf_menu` WHERE `id` = 10 LIMIT 1   [ RunTime:0.0003s ]
SQL: INSERT INTO `cmf_auth_access` (`role_id`,`rule_name`,`type`) VALUES ('2','portal/adminpost/recommend','admin_url') [ RunTime:0.0003s ]
SQL: SELECT `app`,`model`,`action` FROM `cmf_menu` WHERE `id` = 11 LIMIT 1   [ RunTime:0.0002s ]
SQL: INSERT INTO `cmf_auth_access` (`role_id`,`rule_name`,`type`) VALUES ('2','portal/adminpost/move','admin_url') [ RunTime:0.0003s ]
SQL: SELECT `app`,`model`,`action` FROM `cmf_menu` WHERE `id` = 12 LIMIT 1   [ RunTime:0.0003s ]
SQL: INSERT INTO `cmf_auth_access` (`role_id`,`rule_name`,`type`) VALUES ('2','portal/adminpost/check','admin_url') [ RunTime:0.0003s ]
SQL: SELECT `app`,`model`,`action` FROM `cmf_menu` WHERE `id` = 13 LIMIT 1   [ RunTime:0.0003s ]
SQL: INSERT INTO `cmf_auth_access` (`role_id`,`rule_name`,`type`) VALUES ('2','portal/adminpost/delete','admin_url') [ RunTime:0.0003s ]
SQL: SELECT `app`,`model`,`action` FROM `cmf_menu` WHERE `id` = 14 LIMIT 1   [ RunTime:0.0003s ]
SQL: INSERT INTO `cmf_auth_access` (`role_id`,`rule_name`,`type`) VALUES ('2','portal/adminpost/edit','admin_url') [ RunTime:0.0003s ]
SQL: SELECT `app`,`model`,`action` FROM `cmf_menu` WHERE `id` = 15 LIMIT 1   [ RunTime:0.0003s ]
SQL: INSERT INTO `cmf_auth_access` (`role_id`,`rule_name`,`type`) VALUES ('2','portal/adminpost/edit_post','admin_url') [ RunTime:0.0002s ]
SQL: SELECT `app`,`model`,`action` FROM `cmf_menu` WHERE `id` = 16 LIMIT 1   [ RunTime:0.0003s ]
SQL: INSERT INTO `cmf_auth_access` (`role_id`,`rule_name`,`type`) VALUES ('2','portal/adminpost/add','admin_url') [ RunTime:0.0003s ]
SQL: SELECT `app`,`model`,`action` FROM `cmf_menu` WHERE `id` = 17 LIMIT 1   [ RunTime:0.0003s ]
SQL: INSERT INTO `cmf_auth_access` (`role_id`,`rule_name`,`type`) VALUES ('2','portal/adminpost/add_post','admin_url') [ RunTime:0.0011s ]
SQL: SELECT `app`,`model`,`action` FROM `cmf_menu` WHERE `id` = 169 LIMIT 1   [ RunTime:0.0003s ]
SQL: INSERT INTO `cmf_auth_access` (`role_id`,`rule_name`,`type`) VALUES ('2','portal/adminpost/copy','admin_url') [ RunTime:0.0002s ]
SQL: SELECT `app`,`model`,`action` FROM `cmf_menu` WHERE `id` = 18 LIMIT 1   [ RunTime:0.0003s ]
SQL: INSERT INTO `cmf_auth_access` (`role_id`,`rule_name`,`type`) VALUES ('2','portal/adminterm/index','admin_url') [ RunTime:0.0003s ]
SQL: SELECT `app`,`model`,`action` FROM `cmf_menu` WHERE `id` = 19 LIMIT 1   [ RunTime:0.0003s ]
SQL: INSERT INTO `cmf_auth_access` (`role_id`,`rule_name`,`type`) VALUES ('2','portal/adminterm/listorders','admin_url') [ RunTime:0.0002s ]
SQL: SELECT `app`,`model`,`action` FROM `cmf_menu` WHERE `id` = 20 LIMIT 1   [ RunTime:0.0002s ]
SQL: INSERT INTO `cmf_auth_access` (`role_id`,`rule_name`,`type`) VALUES ('2','portal/adminterm/delete','admin_url') [ RunTime:0.0002s ]
SQL: SELECT `app`,`model`,`action` FROM `cmf_menu` WHERE `id` = 21 LIMIT 1   [ RunTime:0.0002s ]
SQL: INSERT INTO `cmf_auth_access` (`role_id`,`rule_name`,`type`) VALUES ('2','portal/adminterm/edit','admin_url') [ RunTime:0.0002s ]
SQL: SELECT `app`,`model`,`action` FROM `cmf_menu` WHERE `id` = 22 LIMIT 1   [ RunTime:0.0002s ]
SQL: INSERT INTO `cmf_auth_access` (`role_id`,`rule_name`,`type`) VALUES ('2','portal/adminterm/edit_post','admin_url') [ RunTime:0.0002s ]
SQL: SELECT `app`,`model`,`action` FROM `cmf_menu` WHERE `id` = 23 LIMIT 1   [ RunTime:0.0002s ]
SQL: INSERT INTO `cmf_auth_access` (`role_id`,`rule_name`,`type`) VALUES ('2','portal/adminterm/add','admin_url') [ RunTime:0.0002s ]
SQL: SELECT `app`,`model`,`action` FROM `cmf_menu` WHERE `id` = 24 LIMIT 1   [ RunTime:0.0002s ]
SQL: INSERT INTO `cmf_auth_access` (`role_id`,`rule_name`,`type`) VALUES ('2','portal/adminterm/add_post','admin_url') [ RunTime:0.0002s ]
SQL: SELECT `app`,`model`,`action` FROM `cmf_menu` WHERE `id` = 25 LIMIT 1   [ RunTime:0.0002s ]
SQL: INSERT INTO `cmf_auth_access` (`role_id`,`rule_name`,`type`) VALUES ('2','portal/adminpage/index','admin_url') [ RunTime:0.0003s ]
SQL: SELECT `app`,`model`,`action` FROM `cmf_menu` WHERE `id` = 26 LIMIT 1   [ RunTime:0.0002s ]
SQL: INSERT INTO `cmf_auth_access` (`role_id`,`rule_name`,`type`) VALUES ('2','portal/adminpage/listorders','admin_url') [ RunTime:0.0002s ]
SQL: SELECT `app`,`model`,`action` FROM `cmf_menu` WHERE `id` = 27 LIMIT 1   [ RunTime:0.0002s ]
SQL: INSERT INTO `cmf_auth_access` (`role_id`,`rule_name`,`type`) VALUES ('2','portal/adminpage/delete','admin_url') [ RunTime:0.0003s ]
SQL: SELECT `app`,`model`,`action` FROM `cmf_menu` WHERE `id` = 28 LIMIT 1   [ RunTime:0.0002s ]
SQL: INSERT INTO `cmf_auth_access` (`role_id`,`rule_name`,`type`) VALUES ('2','portal/adminpage/edit','admin_url') [ RunTime:0.0002s ]
SQL: SELECT `app`,`model`,`action` FROM `cmf_menu` WHERE `id` = 29 LIMIT 1   [ RunTime:0.0002s ]
SQL: INSERT INTO `cmf_auth_access` (`role_id`,`rule_name`,`type`) VALUES ('2','portal/adminpage/edit_post','admin_url') [ RunTime:0.0002s ]
SQL: SELECT `app`,`model`,`action` FROM `cmf_menu` WHERE `id` = 30 LIMIT 1   [ RunTime:0.0002s ]
SQL: INSERT INTO `cmf_auth_access` (`role_id`,`rule_name`,`type`) VALUES ('2','portal/adminpage/add','admin_url') [ RunTime:0.0002s ]
SQL: SELECT `app`,`model`,`action` FROM `cmf_menu` WHERE `id` = 31 LIMIT 1   [ RunTime:0.0002s ]
SQL: INSERT INTO `cmf_auth_access` (`role_id`,`rule_name`,`type`) VALUES ('2','portal/adminpage/add_post','admin_url') [ RunTime:0.0002s ]
SQL: SELECT `app`,`model`,`action` FROM `cmf_menu` WHERE `id` = 32 LIMIT 1   [ RunTime:0.0002s ]
SQL: INSERT INTO `cmf_auth_access` (`role_id`,`rule_name`,`type`) VALUES ('2','admin/recycle/default','admin_url') [ RunTime:0.0002s ]
SQL: SELECT `app`,`model`,`action` FROM `cmf_menu` WHERE `id` = 33 LIMIT 1   [ RunTime:0.0002s ]
SQL: INSERT INTO `cmf_auth_access` (`role_id`,`rule_name`,`type`) VALUES ('2','portal/adminpost/recyclebin','admin_url') [ RunTime:0.0002s ]
SQL: SELECT `app`,`model`,`action` FROM `cmf_menu` WHERE `id` = 34 LIMIT 1   [ RunTime:0.0002s ]
SQL: INSERT INTO `cmf_auth_access` (`role_id`,`rule_name`,`type`) VALUES ('2','portal/adminpost/restore','admin_url') [ RunTime:0.0002s ]
SQL: SELECT `app`,`model`,`action` FROM `cmf_menu` WHERE `id` = 35 LIMIT 1   [ RunTime:0.0002s ]
SQL: INSERT INTO `cmf_auth_access` (`role_id`,`rule_name`,`type`) VALUES ('2','portal/adminpost/clean','admin_url') [ RunTime:0.0002s ]
SQL: SELECT `app`,`model`,`action` FROM `cmf_menu` WHERE `id` = 36 LIMIT 1   [ RunTime:0.0002s ]
SQL: INSERT INTO `cmf_auth_access` (`role_id`,`rule_name`,`type`) VALUES ('2','portal/adminpage/recyclebin','admin_url') [ RunTime:0.0002s ]
SQL: SELECT `app`,`model`,`action` FROM `cmf_menu` WHERE `id` = 37 LIMIT 1   [ RunTime:0.0002s ]
SQL: INSERT INTO `cmf_auth_access` (`role_id`,`rule_name`,`type`) VALUES ('2','portal/adminpage/clean','admin_url') [ RunTime:0.0002s ]
SQL: SELECT `app`,`model`,`action` FROM `cmf_menu` WHERE `id` = 38 LIMIT 1   [ RunTime:0.0002s ]
SQL: INSERT INTO `cmf_auth_access` (`role_id`,`rule_name`,`type`) VALUES ('2','portal/adminpage/restore','admin_url') [ RunTime:0.0002s ]
SQL: SELECT `app`,`model`,`action` FROM `cmf_menu` WHERE `id` = 109 LIMIT 1   [ RunTime:0.0002s ]
SQL: INSERT INTO `cmf_auth_access` (`role_id`,`rule_name`,`type`) VALUES ('2','admin/setting/default','admin_url') [ RunTime:0.0002s ]
SQL: SELECT `app`,`model`,`action` FROM `cmf_menu` WHERE `id` = 110 LIMIT 1   [ RunTime:0.0002s ]
SQL: INSERT INTO `cmf_auth_access` (`role_id`,`rule_name`,`type`) VALUES ('2','admin/setting/userdefault','admin_url') [ RunTime:0.0002s ]
SQL: SELECT `app`,`model`,`action` FROM `cmf_menu` WHERE `id` = 111 LIMIT 1   [ RunTime:0.0002s ]
SQL: INSERT INTO `cmf_auth_access` (`role_id`,`rule_name`,`type`) VALUES ('2','admin/user/userinfo','admin_url') [ RunTime:0.0002s ]
SQL: SELECT `app`,`model`,`action` FROM `cmf_menu` WHERE `id` = 112 LIMIT 1   [ RunTime:0.0002s ]
SQL: INSERT INTO `cmf_auth_access` (`role_id`,`rule_name`,`type`) VALUES ('2','admin/user/userinfo_post','admin_url') [ RunTime:0.0002s ]
SQL: SELECT `app`,`model`,`action` FROM `cmf_menu` WHERE `id` = 113 LIMIT 1   [ RunTime:0.0002s ]
SQL: INSERT INTO `cmf_auth_access` (`role_id`,`rule_name`,`type`) VALUES ('2','admin/setting/password','admin_url') [ RunTime:0.0002s ]
SQL: SELECT `app`,`model`,`action` FROM `cmf_menu` WHERE `id` = 114 LIMIT 1   [ RunTime:0.0002s ]
SQL: INSERT INTO `cmf_auth_access` (`role_id`,`rule_name`,`type`) VALUES ('2','admin/setting/password_post','admin_url') [ RunTime:0.0002s ]
SQL: SELECT `app`,`model`,`action` FROM `cmf_menu` WHERE `id` = 115 LIMIT 1   [ RunTime:0.0002s ]
SQL: INSERT INTO `cmf_auth_access` (`role_id`,`rule_name`,`type`) VALUES ('2','admin/setting/site','admin_url') [ RunTime:0.0002s ]
SQL: SELECT `app`,`model`,`action` FROM `cmf_menu` WHERE `id` = 116 LIMIT 1   [ RunTime:0.0002s ]
SQL: INSERT INTO `cmf_auth_access` (`role_id`,`rule_name`,`type`) VALUES ('2','admin/setting/site_post','admin_url') [ RunTime:0.0002s ]
SQL: SELECT `app`,`model`,`action` FROM `cmf_menu` WHERE `id` = 117 LIMIT 1   [ RunTime:0.0002s ]
SQL: INSERT INTO `cmf_auth_access` (`role_id`,`rule_name`,`type`) VALUES ('2','admin/route/index','admin_url') [ RunTime:0.0003s ]
SQL: SELECT `app`,`model`,`action` FROM `cmf_menu` WHERE `id` = 118 LIMIT 1   [ RunTime:0.0003s ]
SQL: INSERT INTO `cmf_auth_access` (`role_id`,`rule_name`,`type`) VALUES ('2','admin/route/add','admin_url') [ RunTime:0.0004s ]
SQL: SELECT `app`,`model`,`action` FROM `cmf_menu` WHERE `id` = 119 LIMIT 1   [ RunTime:0.0003s ]
SQL: INSERT INTO `cmf_auth_access` (`role_id`,`rule_name`,`type`) VALUES ('2','admin/route/add_post','admin_url') [ RunTime:0.0003s ]
SQL: SELECT `app`,`model`,`action` FROM `cmf_menu` WHERE `id` = 120 LIMIT 1   [ RunTime:0.0002s ]
SQL: INSERT INTO `cmf_auth_access` (`role_id`,`rule_name`,`type`) VALUES ('2','admin/route/edit','admin_url') [ RunTime:0.0002s ]
SQL: SELECT `app`,`model`,`action` FROM `cmf_menu` WHERE `id` = 121 LIMIT 1   [ RunTime:0.0002s ]
SQL: INSERT INTO `cmf_auth_access` (`role_id`,`rule_name`,`type`) VALUES ('2','admin/route/edit_post','admin_url') [ RunTime:0.0002s ]
SQL: SELECT `app`,`model`,`action` FROM `cmf_menu` WHERE `id` = 122 LIMIT 1   [ RunTime:0.0002s ]
SQL: INSERT INTO `cmf_auth_access` (`role_id`,`rule_name`,`type`) VALUES ('2','admin/route/delete','admin_url') [ RunTime:0.0002s ]
SQL: SELECT `app`,`model`,`action` FROM `cmf_menu` WHERE `id` = 123 LIMIT 1   [ RunTime:0.0003s ]
SQL: INSERT INTO `cmf_auth_access` (`role_id`,`rule_name`,`type`) VALUES ('2','admin/route/ban','admin_url') [ RunTime:0.0003s ]
SQL: SELECT `app`,`model`,`action` FROM `cmf_menu` WHERE `id` = 124 LIMIT 1   [ RunTime:0.0002s ]
SQL: INSERT INTO `cmf_auth_access` (`role_id`,`rule_name`,`type`) VALUES ('2','admin/route/open','admin_url') [ RunTime:0.0002s ]
SQL: SELECT `app`,`model`,`action` FROM `cmf_menu` WHERE `id` = 125 LIMIT 1   [ RunTime:0.0002s ]
SQL: INSERT INTO `cmf_auth_access` (`role_id`,`rule_name`,`type`) VALUES ('2','admin/route/listorders','admin_url') [ RunTime:0.0001s ]
SQL: SELECT `app`,`model`,`action` FROM `cmf_menu` WHERE `id` = 126 LIMIT 1   [ RunTime:0.0002s ]
SQL: INSERT INTO `cmf_auth_access` (`role_id`,`rule_name`,`type`) VALUES ('2','admin/mailer/default','admin_url') [ RunTime:0.0002s ]
SQL: SELECT `app`,`model`,`action` FROM `cmf_menu` WHERE `id` = 127 LIMIT 1   [ RunTime:0.0002s ]
SQL: INSERT INTO `cmf_auth_access` (`role_id`,`rule_name`,`type`) VALUES ('2','admin/mailer/index','admin_url') [ RunTime:0.0002s ]
SQL: SELECT `app`,`model`,`action` FROM `cmf_menu` WHERE `id` = 128 LIMIT 1   [ RunTime:0.0002s ]
SQL: INSERT INTO `cmf_auth_access` (`role_id`,`rule_name`,`type`) VALUES ('2','admin/mailer/index_post','admin_url') [ RunTime:0.0002s ]
SQL: SELECT `app`,`model`,`action` FROM `cmf_menu` WHERE `id` = 166 LIMIT 1   [ RunTime:0.0002s ]
SQL: INSERT INTO `cmf_auth_access` (`role_id`,`rule_name`,`type`) VALUES ('2','admin/mailer/test','admin_url') [ RunTime:0.0002s ]
SQL: SELECT `app`,`model`,`action` FROM `cmf_menu` WHERE `id` = 129 LIMIT 1   [ RunTime:0.0002s ]
SQL: INSERT INTO `cmf_auth_access` (`role_id`,`rule_name`,`type`) VALUES ('2','admin/mailer/active','admin_url') [ RunTime:0.0002s ]
SQL: SELECT `app`,`model`,`action` FROM `cmf_menu` WHERE `id` = 130 LIMIT 1   [ RunTime:0.0002s ]
SQL: INSERT INTO `cmf_auth_access` (`role_id`,`rule_name`,`type`) VALUES ('2','admin/mailer/active_post','admin_url') [ RunTime:0.0002s ]
SQL: SELECT `app`,`model`,`action` FROM `cmf_menu` WHERE `id` = 131 LIMIT 1   [ RunTime:0.0002s ]
SQL: INSERT INTO `cmf_auth_access` (`role_id`,`rule_name`,`type`) VALUES ('2','admin/setting/clearcache','admin_url') [ RunTime:0.0002s ]
SQL: SELECT `app`,`model`,`action` FROM `cmf_menu` WHERE `id` = 156 LIMIT 1   [ RunTime:0.0002s ]
SQL: INSERT INTO `cmf_auth_access` (`role_id`,`rule_name`,`type`) VALUES ('2','admin/storage/index','admin_url') [ RunTime:0.0002s ]
SQL: SELECT `app`,`model`,`action` FROM `cmf_menu` WHERE `id` = 157 LIMIT 1   [ RunTime:0.0002s ]
SQL: INSERT INTO `cmf_auth_access` (`role_id`,`rule_name`,`type`) VALUES ('2','admin/storage/setting_post','admin_url') [ RunTime:0.0002s ]
SQL: SELECT `app`,`model`,`action` FROM `cmf_menu` WHERE `id` = 167 LIMIT 1   [ RunTime:0.0002s ]
SQL: INSERT INTO `cmf_auth_access` (`role_id`,`rule_name`,`type`) VALUES ('2','admin/setting/upload','admin_url') [ RunTime:0.0003s ]
SQL: SELECT `app`,`model`,`action` FROM `cmf_menu` WHERE `id` = 168 LIMIT 1   [ RunTime:0.0003s ]
SQL: INSERT INTO `cmf_auth_access` (`role_id`,`rule_name`,`type`) VALUES ('2','admin/setting/upload_post','admin_url') [ RunTime:0.0002s ]
SQL: SELECT `app`,`model`,`action` FROM `cmf_menu` WHERE `id` = 132 LIMIT 1   [ RunTime:0.0002s ]
SQL: INSERT INTO `cmf_auth_access` (`role_id`,`rule_name`,`type`) VALUES ('2','user/indexadmin/default','admin_url') [ RunTime:0.0002s ]
SQL: SELECT `app`,`model`,`action` FROM `cmf_menu` WHERE `id` = 133 LIMIT 1   [ RunTime:0.0002s ]
SQL: INSERT INTO `cmf_auth_access` (`role_id`,`rule_name`,`type`) VALUES ('2','user/indexadmin/default1','admin_url') [ RunTime:0.0002s ]
SQL: SELECT `app`,`model`,`action` FROM `cmf_menu` WHERE `id` = 134 LIMIT 1   [ RunTime:0.0002s ]
SQL: INSERT INTO `cmf_auth_access` (`role_id`,`rule_name`,`type`) VALUES ('2','user/indexadmin/index','admin_url') [ RunTime:0.0003s ]
SQL: SELECT `app`,`model`,`action` FROM `cmf_menu` WHERE `id` = 135 LIMIT 1   [ RunTime:0.0002s ]
SQL: INSERT INTO `cmf_auth_access` (`role_id`,`rule_name`,`type`) VALUES ('2','user/indexadmin/ban','admin_url') [ RunTime:0.0002s ]
SQL: SELECT `app`,`model`,`action` FROM `cmf_menu` WHERE `id` = 136 LIMIT 1   [ RunTime:0.0003s ]
SQL: INSERT INTO `cmf_auth_access` (`role_id`,`rule_name`,`type`) VALUES ('2','user/indexadmin/cancelban','admin_url') [ RunTime:0.0004s ]
SQL: SELECT `app`,`model`,`action` FROM `cmf_menu` WHERE `id` = 137 LIMIT 1   [ RunTime:0.0003s ]
SQL: INSERT INTO `cmf_auth_access` (`role_id`,`rule_name`,`type`) VALUES ('2','user/oauthadmin/index','admin_url') [ RunTime:0.0003s ]
SQL: SELECT `app`,`model`,`action` FROM `cmf_menu` WHERE `id` = 138 LIMIT 1   [ RunTime:0.0003s ]
SQL: INSERT INTO `cmf_auth_access` (`role_id`,`rule_name`,`type`) VALUES ('2','user/oauthadmin/delete','admin_url') [ RunTime:0.0002s ]
SQL: SELECT `app`,`model`,`action` FROM `cmf_menu` WHERE `id` = 139 LIMIT 1   [ RunTime:0.0002s ]
SQL: INSERT INTO `cmf_auth_access` (`role_id`,`rule_name`,`type`) VALUES ('2','user/indexadmin/default3','admin_url') [ RunTime:0.0002s ]
SQL: SELECT `app`,`model`,`action` FROM `cmf_menu` WHERE `id` = 140 LIMIT 1   [ RunTime:0.0002s ]
SQL: INSERT INTO `cmf_auth_access` (`role_id`,`rule_name`,`type`) VALUES ('2','admin/rbac/index','admin_url') [ RunTime:0.0002s ]
SQL: SELECT `app`,`model`,`action` FROM `cmf_menu` WHERE `id` = 141 LIMIT 1   [ RunTime:0.0002s ]
SQL: INSERT INTO `cmf_auth_access` (`role_id`,`rule_name`,`type`) VALUES ('2','admin/rbac/member','admin_url') [ RunTime:0.0002s ]
SQL: SELECT `app`,`model`,`action` FROM `cmf_menu` WHERE `id` = 142 LIMIT 1   [ RunTime:0.0002s ]
SQL: INSERT INTO `cmf_auth_access` (`role_id`,`rule_name`,`type`) VALUES ('2','admin/rbac/authorize','admin_url') [ RunTime:0.0002s ]
SQL: SELECT `app`,`model`,`action` FROM `cmf_menu` WHERE `id` = 143 LIMIT 1   [ RunTime:0.0002s ]
SQL: INSERT INTO `cmf_auth_access` (`role_id`,`rule_name`,`type`) VALUES ('2','admin/rbac/authorize_post','admin_url') [ RunTime:0.0002s ]
SQL: SELECT `app`,`model`,`action` FROM `cmf_menu` WHERE `id` = 144 LIMIT 1   [ RunTime:0.0002s ]
SQL: INSERT INTO `cmf_auth_access` (`role_id`,`rule_name`,`type`) VALUES ('2','admin/rbac/roleedit','admin_url') [ RunTime:0.0002s ]
SQL: SELECT `app`,`model`,`action` FROM `cmf_menu` WHERE `id` = 145 LIMIT 1   [ RunTime:0.0002s ]
SQL: INSERT INTO `cmf_auth_access` (`role_id`,`rule_name`,`type`) VALUES ('2','admin/rbac/roleedit_post','admin_url') [ RunTime:0.0002s ]
SQL: SELECT `app`,`model`,`action` FROM `cmf_menu` WHERE `id` = 146 LIMIT 1   [ RunTime:0.0002s ]
SQL: INSERT INTO `cmf_auth_access` (`role_id`,`rule_name`,`type`) VALUES ('2','admin/rbac/roledelete','admin_url') [ RunTime:0.0002s ]
SQL: SELECT `app`,`model`,`action` FROM `cmf_menu` WHERE `id` = 147 LIMIT 1   [ RunTime:0.0002s ]
SQL: INSERT INTO `cmf_auth_access` (`role_id`,`rule_name`,`type`) VALUES ('2','admin/rbac/roleadd','admin_url') [ RunTime:0.0002s ]
SQL: SELECT `app`,`model`,`action` FROM `cmf_menu` WHERE `id` = 148 LIMIT 1   [ RunTime:0.0002s ]
SQL: INSERT INTO `cmf_auth_access` (`role_id`,`rule_name`,`type`) VALUES ('2','admin/rbac/roleadd_post','admin_url') [ RunTime:0.0002s ]
SQL: SELECT `app`,`model`,`action` FROM `cmf_menu` WHERE `id` = 149 LIMIT 1   [ RunTime:0.0002s ]
SQL: INSERT INTO `cmf_auth_access` (`role_id`,`rule_name`,`type`) VALUES ('2','admin/user/index','admin_url') [ RunTime:0.0002s ]
SQL: SELECT `app`,`model`,`action` FROM `cmf_menu` WHERE `id` = 150 LIMIT 1   [ RunTime:0.0003s ]
SQL: INSERT INTO `cmf_auth_access` (`role_id`,`rule_name`,`type`) VALUES ('2','admin/user/delete','admin_url') [ RunTime:0.0002s ]
SQL: SELECT `app`,`model`,`action` FROM `cmf_menu` WHERE `id` = 151 LIMIT 1   [ RunTime:0.0002s ]
SQL: INSERT INTO `cmf_auth_access` (`role_id`,`rule_name`,`type`) VALUES ('2','admin/user/edit','admin_url') [ RunTime:0.0002s ]
SQL: SELECT `app`,`model`,`action` FROM `cmf_menu` WHERE `id` = 152 LIMIT 1   [ RunTime:0.0002s ]
SQL: INSERT INTO `cmf_auth_access` (`role_id`,`rule_name`,`type`) VALUES ('2','admin/user/edit_post','admin_url') [ RunTime:0.0002s ]
SQL: SELECT `app`,`model`,`action` FROM `cmf_menu` WHERE `id` = 153 LIMIT 1   [ RunTime:0.0002s ]
SQL: INSERT INTO `cmf_auth_access` (`role_id`,`rule_name`,`type`) VALUES ('2','admin/user/add','admin_url') [ RunTime:0.0002s ]
SQL: SELECT `app`,`model`,`action` FROM `cmf_menu` WHERE `id` = 154 LIMIT 1   [ RunTime:0.0002s ]
SQL: INSERT INTO `cmf_auth_access` (`role_id`,`rule_name`,`type`) VALUES ('2','admin/user/add_post','admin_url') [ RunTime:0.0003s ]
SQL: SELECT `app`,`model`,`action` FROM `cmf_menu` WHERE `id` = 160 LIMIT 1   [ RunTime:0.0002s ]
SQL: INSERT INTO `cmf_auth_access` (`role_id`,`rule_name`,`type`) VALUES ('2','admin/user/ban','admin_url') [ RunTime:0.0002s ]
SQL: SELECT `app`,`model`,`action` FROM `cmf_menu` WHERE `id` = 161 LIMIT 1   [ RunTime:0.0003s ]
SQL: INSERT INTO `cmf_auth_access` (`role_id`,`rule_name`,`type`) VALUES ('2','admin/user/cancelban','admin_url') [ RunTime:0.0002s ]

[ 2017-03-02T16:18:06+08:00 ] ::1 /yscy/index.php?g=Admin&m=Rbac&a=authorize&id=2
NOTIC: D方法实例化没找到模型类Common\Model\AuthAccessModel

[ 2017-03-02T16:46:15+08:00 ] ::1 /yscy/index.php?g=Admin&m=User&a=add_post
INFO: [ app_begin ] --START--
INFO: Run Behavior\ReadHtmlCacheBehavior [ RunTime:0.000621s ]
INFO: Run Behavior\CheckLangBehavior [ RunTime:0.001527s ]
INFO: Run Common\Behavior\UrldecodeGetBehavior [ RunTime:0.000446s ]
INFO: [ app_begin ] --END-- [ RunTime:0.003151s ]
INFO: [ admin_begin ] --START--
INFO: Run Common\Behavior\AdminDefaultLangBehavior [ RunTime:0.001712s ]
INFO: [ admin_begin ] --END-- [ RunTime:0.001803s ]
SQL: SHOW COLUMNS FROM `cmf_users` [ RunTime:0.0040s ]
SQL: SELECT * FROM `cmf_users` WHERE `id` = '1' LIMIT 1   [ RunTime:0.0004s ]
SQL: SHOW COLUMNS FROM `cmf_member` [ RunTime:0.0055s ]
SQL: SHOW COLUMNS FROM `cmf_role` [ RunTime:0.0038s ]
NOTIC: [8] Undefined index: validate D:\phpstudy\WWW\yscy\simplewind\Core\Library\Think\Model.class.php 第 1185 行.
NOTIC: [8] Undefined index: member_name D:\phpstudy\WWW\yscy\simplewind\Core\Library\Think\Model.class.php 第 1303 行.

[ 2017-03-02T16:50:23+08:00 ] ::1 /yscy/index.php?g=Admin&m=User&a=add_post
INFO: [ app_begin ] --START--
INFO: Run Behavior\ReadHtmlCacheBehavior [ RunTime:0.000807s ]
INFO: Run Behavior\CheckLangBehavior [ RunTime:0.001555s ]
INFO: Run Common\Behavior\UrldecodeGetBehavior [ RunTime:0.000680s ]
INFO: [ app_begin ] --END-- [ RunTime:0.003925s ]
INFO: [ admin_begin ] --START--
INFO: Run Common\Behavior\AdminDefaultLangBehavior [ RunTime:0.001898s ]
INFO: [ admin_begin ] --END-- [ RunTime:0.001954s ]
SQL: SHOW COLUMNS FROM `cmf_users` [ RunTime:0.0042s ]
SQL: SELECT * FROM `cmf_users` WHERE `id` = '1' LIMIT 1   [ RunTime:0.0003s ]
SQL: SHOW COLUMNS FROM `cmf_member` [ RunTime:0.0043s ]
SQL: SHOW COLUMNS FROM `cmf_role` [ RunTime:0.0036s ]
NOTIC: [8] Undefined index: validate D:\phpstudy\WWW\yscy\simplewind\Core\Library\Think\Model.class.php 第 1185 行.
SQL: SELECT * FROM `cmf_member` WHERE `member_name` = 'dgm' LIMIT 1   [ RunTime:0.0004s ]
SQL: SELECT * FROM `cmf_member` WHERE `member_email` = '345019188@qq.com' LIMIT 1   [ RunTime:0.0004s ]
NOTIC: [8] Undefined index: auto D:\phpstudy\WWW\yscy\simplewind\Core\Library\Think\Model.class.php 第 1128 行.
SQL: INSERT INTO `cmf_member` (`member_name`,`member_passwd`,`member_email`,`member_time`) VALUES ('dgm','###4726c77e9b53083e4b8a2e46fc22a20e','345019188@qq.com','2017-03-02 16:50:23') [ RunTime:0.0003s ]
SQL: SHOW COLUMNS FROM `cmf_role_user` [ RunTime:0.0153s ]
SQL: INSERT INTO `cmf_role_user` (`role_id`,`user_id`) VALUES ('2','2') [ RunTime:0.0004s ]

[ 2017-03-02T16:50:34+08:00 ] ::1 /yscy/index.php?g=Admin&m=user&a=edit&id=2
ERR: 1054:Unknown column 'member_id' in 'order clause'
 [ SQL语句 ] : SELECT * FROM `cmf_role` ORDER BY member_id DESC 

[ 2017-03-02T16:55:28+08:00 ] ::1 /yscy/index.php?g=Admin&m=User&a=edit_post
INFO: [ app_begin ] --START--
INFO: Run Behavior\ReadHtmlCacheBehavior [ RunTime:0.000769s ]
INFO: Run Behavior\CheckLangBehavior [ RunTime:0.001554s ]
INFO: Run Common\Behavior\UrldecodeGetBehavior [ RunTime:0.000432s ]
INFO: [ app_begin ] --END-- [ RunTime:0.003485s ]
INFO: [ admin_begin ] --START--
INFO: Run Common\Behavior\AdminDefaultLangBehavior [ RunTime:0.001591s ]
INFO: [ admin_begin ] --END-- [ RunTime:0.001641s ]
SQL: SHOW COLUMNS FROM `cmf_users` [ RunTime:0.0040s ]
SQL: SELECT * FROM `cmf_users` WHERE `id` = '1' LIMIT 1   [ RunTime:0.0004s ]
SQL: SHOW COLUMNS FROM `cmf_member` [ RunTime:0.0048s ]
SQL: SHOW COLUMNS FROM `cmf_role` [ RunTime:0.0041s ]
NOTIC: [8] Undefined index: validate D:\phpstudy\WWW\yscy\simplewind\Core\Library\Think\Model.class.php 第 1185 行.
SQL: SELECT * FROM `cmf_member` WHERE `member_name` = 'dgm111' LIMIT 1   [ RunTime:0.0004s ]
SQL: SELECT * FROM `cmf_member` WHERE `member_email` = '345019188@qq.com' LIMIT 1   [ RunTime:0.0004s ]

[ 2017-03-02T16:56:30+08:00 ] ::1 /yscy/index.php?g=Admin&m=User&a=edit_post
INFO: [ app_begin ] --START--
INFO: Run Behavior\ReadHtmlCacheBehavior [ RunTime:0.000483s ]
INFO: Run Behavior\CheckLangBehavior [ RunTime:0.001273s ]
INFO: Run Common\Behavior\UrldecodeGetBehavior [ RunTime:0.000368s ]
INFO: [ app_begin ] --END-- [ RunTime:0.002627s ]
INFO: [ admin_begin ] --START--
INFO: Run Common\Behavior\AdminDefaultLangBehavior [ RunTime:0.002377s ]
INFO: [ admin_begin ] --END-- [ RunTime:0.002534s ]
SQL: SHOW COLUMNS FROM `cmf_users` [ RunTime:0.0043s ]
SQL: SELECT * FROM `cmf_users` WHERE `id` = '1' LIMIT 1   [ RunTime:0.0003s ]
SQL: SHOW COLUMNS FROM `cmf_member` [ RunTime:0.0040s ]
SQL: SHOW COLUMNS FROM `cmf_role` [ RunTime:0.0041s ]
NOTIC: [8] Undefined index: validate D:\phpstudy\WWW\yscy\simplewind\Core\Library\Think\Model.class.php 第 1185 行.
SQL: SELECT * FROM `cmf_member` WHERE `member_name` = 'dgm11' LIMIT 1   [ RunTime:0.0004s ]
SQL: SELECT * FROM `cmf_member` WHERE `member_email` = '345019188@qq.com' LIMIT 1   [ RunTime:0.0003s ]

[ 2017-03-02T16:58:33+08:00 ] ::1 /yscy/index.php?g=Admin&m=User&a=edit_post
INFO: [ app_begin ] --START--
INFO: Run Behavior\ReadHtmlCacheBehavior [ RunTime:0.000848s ]
INFO: Run Behavior\CheckLangBehavior [ RunTime:0.001487s ]
INFO: Run Common\Behavior\UrldecodeGetBehavior [ RunTime:0.000392s ]
INFO: [ app_begin ] --END-- [ RunTime:0.003605s ]
INFO: [ admin_begin ] --START--
INFO: Run Common\Behavior\AdminDefaultLangBehavior [ RunTime:0.001816s ]
INFO: [ admin_begin ] --END-- [ RunTime:0.001873s ]
SQL: SHOW COLUMNS FROM `cmf_users` [ RunTime:0.0068s ]
SQL: SELECT * FROM `cmf_users` WHERE `id` = '1' LIMIT 1   [ RunTime:0.0005s ]
SQL: SHOW COLUMNS FROM `cmf_member` [ RunTime:0.0050s ]
SQL: SHOW COLUMNS FROM `cmf_role` [ RunTime:0.0044s ]
NOTIC: [8] Undefined index: validate D:\phpstudy\WWW\yscy\simplewind\Core\Library\Think\Model.class.php 第 1185 行.
SQL: SELECT * FROM `cmf_member` WHERE `member_name` = 'dgm111' AND `member_id` <> '2' LIMIT 1   [ RunTime:0.0005s ]
SQL: SELECT * FROM `cmf_member` WHERE `member_email` = '345019188@qq.com' AND `member_id` <> '2' LIMIT 1   [ RunTime:0.0004s ]
NOTIC: [8] Undefined index: auto D:\phpstudy\WWW\yscy\simplewind\Core\Library\Think\Model.class.php 第 1128 行.
NOTIC: [8] Undefined index: member_birthday D:\phpstudy\WWW\yscy\simplewind\Core\Library\Think\Model.class.php 第 1163 行.
SQL: UPDATE `cmf_member` SET `member_name`='dgm111',`member_passwd`='###4726c77e9b53083e4b8a2e46fc22a20e',`member_email`='345019188@qq.com' WHERE `member_id` = 2 [ RunTime:0.0003s ]
SQL: SHOW COLUMNS FROM `cmf_role_user` [ RunTime:0.0044s ]
SQL: DELETE FROM `cmf_role_user` WHERE `user_id` = 0 [ RunTime:0.0003s ]
SQL: INSERT INTO `cmf_role_user` (`role_id`,`user_id`) VALUES ('2','0') [ RunTime:0.0003s ]

[ 2017-03-02T16:58:49+08:00 ] ::1 /yscy/index.php?g=Admin&m=user&a=ban&id=2
INFO: [ app_begin ] --START--
INFO: Run Behavior\ReadHtmlCacheBehavior [ RunTime:0.000999s ]
INFO: Run Behavior\CheckLangBehavior [ RunTime:0.001577s ]
INFO: Run Common\Behavior\UrldecodeGetBehavior [ RunTime:0.000396s ]
INFO: [ app_begin ] --END-- [ RunTime:0.003614s ]
INFO: [ admin_begin ] --START--
INFO: Run Common\Behavior\AdminDefaultLangBehavior [ RunTime:0.001767s ]
INFO: [ admin_begin ] --END-- [ RunTime:0.001847s ]
SQL: SHOW COLUMNS FROM `cmf_users` [ RunTime:0.0041s ]
SQL: SELECT * FROM `cmf_users` WHERE `id` = '1' LIMIT 1   [ RunTime:0.0004s ]
SQL: SHOW COLUMNS FROM `cmf_member` [ RunTime:0.0044s ]
SQL: SHOW COLUMNS FROM `cmf_role` [ RunTime:0.0041s ]
SQL: UPDATE `cmf_member` SET `member_state`='0' WHERE `member_id` = 2 AND `user_type` = 1 [ RunTime:0.0004s ]

[ 2017-03-02T16:58:57+08:00 ] ::1 /yscy/index.php?g=Admin&m=user&a=cancelban&id=2
INFO: [ app_begin ] --START--
INFO: Run Behavior\ReadHtmlCacheBehavior [ RunTime:0.000563s ]
INFO: Run Behavior\CheckLangBehavior [ RunTime:0.001313s ]
INFO: Run Common\Behavior\UrldecodeGetBehavior [ RunTime:0.000341s ]
INFO: [ app_begin ] --END-- [ RunTime:0.002795s ]
INFO: [ admin_begin ] --START--
INFO: Run Common\Behavior\AdminDefaultLangBehavior [ RunTime:0.001892s ]
INFO: [ admin_begin ] --END-- [ RunTime:0.001950s ]
SQL: SHOW COLUMNS FROM `cmf_users` [ RunTime:0.0041s ]
SQL: SELECT * FROM `cmf_users` WHERE `id` = '1' LIMIT 1   [ RunTime:0.0003s ]
SQL: SHOW COLUMNS FROM `cmf_member` [ RunTime:0.0046s ]
SQL: SHOW COLUMNS FROM `cmf_role` [ RunTime:0.0046s ]
SQL: UPDATE `cmf_member` SET `member_state`='1' WHERE `member_id` = 2 AND `user_type` = 1 [ RunTime:0.0003s ]

