[ 2017-03-06T11:35:48+08:00 ] ::1 /yscy/index.php?g=Admin&m=navcat&a=add_post
INFO: [ app_begin ] --START--
INFO: Run Behavior\ReadHtmlCacheBehavior [ RunTime:0.000593s ]
INFO: Run Behavior\CheckLangBehavior [ RunTime:0.001794s ]
INFO: Run Common\Behavior\UrldecodeGetBehavior [ RunTime:0.000431s ]
INFO: [ app_begin ] --END-- [ RunTime:0.003299s ]
INFO: [ admin_begin ] --START--
INFO: Run Common\Behavior\AdminDefaultLangBehavior [ RunTime:0.002634s ]
INFO: [ admin_begin ] --END-- [ RunTime:0.002733s ]
SQL: SHOW COLUMNS FROM `cmf_member` [ RunTime:0.0063s ]
SQL: SELECT * FROM `cmf_member` WHERE `member_id` = 1 LIMIT 1   [ RunTime:0.0053s ]
SQL: SHOW COLUMNS FROM `cmf_nav_cat` [ RunTime:0.0050s ]
SQL: UPDATE `cmf_nav_cat` SET `active`='0' WHERE ( active=1 ) [ RunTime:0.0034s ]
NOTIC: [8] Undefined index: validate D:\phpstudy\WWW\yscy\simplewind\Core\Library\Think\Model.class.php Á¨¨ 1185 Ë°å.
NOTIC: [8] Undefined index: auto D:\phpstudy\WWW\yscy\simplewind\Core\Library\Think\Model.class.php Á¨¨ 1128 Ë°å.
SQL: INSERT INTO `cmf_nav_cat` (`name`,`remark`,`active`) VALUES ('‰∫åÁ∫ßËèúÂçï','‰∫åÁ∫ßËèúÂçï','1') [ RunTime:0.0176s ]

[ 2017-03-06T11:35:57+08:00 ] ::1 /yscy/index.php?g=Admin&m=navcat&a=edit_post
INFO: [ app_begin ] --START--
INFO: Run Behavior\ReadHtmlCacheBehavior [ RunTime:0.000696s ]
INFO: Run Behavior\CheckLangBehavior [ RunTime:0.001774s ]
INFO: Run Common\Behavior\UrldecodeGetBehavior [ RunTime:0.000448s ]
INFO: [ app_begin ] --END-- [ RunTime:0.003667s ]
INFO: [ admin_begin ] --START--
INFO: Run Common\Behavior\AdminDefaultLangBehavior [ RunTime:0.002018s ]
INFO: [ admin_begin ] --END-- [ RunTime:0.002112s ]
SQL: SHOW COLUMNS FROM `cmf_member` [ RunTime:0.0085s ]
SQL: SELECT * FROM `cmf_member` WHERE `member_id` = 1 LIMIT 1   [ RunTime:0.0052s ]
SQL: SHOW COLUMNS FROM `cmf_nav_cat` [ RunTime:0.0052s ]
SQL: UPDATE `cmf_nav_cat` SET `active`='0' WHERE ( active=1 ) [ RunTime:0.0048s ]
NOTIC: [8] Undefined index: validate D:\phpstudy\WWW\yscy\simplewind\Core\Library\Think\Model.class.php Á¨¨ 1185 Ë°å.
NOTIC: [8] Undefined index: auto D:\phpstudy\WWW\yscy\simplewind\Core\Library\Think\Model.class.php Á¨¨ 1128 Ë°å.
SQL: UPDATE `cmf_nav_cat` SET `name`='‰∏ªÂØºËà™',`remark`='‰∏ªÂØºËà™',`active`='1' WHERE `navcid` = 1 [ RunTime:0.0034s ]

[ 2017-03-06T11:36:08+08:00 ] ::1 /yscy/index.php?g=Admin&m=nav&a=delete&id=2
INFO: [ app_begin ] --START--
INFO: Run Behavior\ReadHtmlCacheBehavior [ RunTime:0.000599s ]
INFO: Run Behavior\CheckLangBehavior [ RunTime:0.001791s ]
INFO: Run Common\Behavior\UrldecodeGetBehavior [ RunTime:0.000436s ]
INFO: [ app_begin ] --END-- [ RunTime:0.003299s ]
INFO: [ admin_begin ] --START--
INFO: Run Common\Behavior\AdminDefaultLangBehavior [ RunTime:0.002296s ]
INFO: [ admin_begin ] --END-- [ RunTime:0.002356s ]
SQL: SHOW COLUMNS FROM `cmf_member` [ RunTime:0.0104s ]
SQL: SELECT * FROM `cmf_member` WHERE `member_id` = 1 LIMIT 1   [ RunTime:0.0055s ]
SQL: SHOW COLUMNS FROM `cmf_nav` [ RunTime:0.0051s ]
SQL: SHOW COLUMNS FROM `cmf_nav_cat` [ RunTime:0.0051s ]
SQL: SELECT COUNT(*) AS tp_count FROM `cmf_nav` WHERE `parentid` = 2 LIMIT 1   [ RunTime:0.0030s ]
SQL: DELETE FROM `cmf_nav` WHERE `id` = 2 [ RunTime:0.0238s ]

[ 2017-03-06T11:36:11+08:00 ] ::1 /yscy/index.php?g=Admin&m=nav&a=delete&id=3
INFO: [ app_begin ] --START--
INFO: Run Behavior\ReadHtmlCacheBehavior [ RunTime:0.000617s ]
INFO: Run Behavior\CheckLangBehavior [ RunTime:0.001829s ]
INFO: Run Common\Behavior\UrldecodeGetBehavior [ RunTime:0.000450s ]
INFO: [ app_begin ] --END-- [ RunTime:0.003465s ]
INFO: [ admin_begin ] --START--
INFO: Run Common\Behavior\AdminDefaultLangBehavior [ RunTime:0.002252s ]
INFO: [ admin_begin ] --END-- [ RunTime:0.002340s ]
SQL: SHOW COLUMNS FROM `cmf_member` [ RunTime:0.0075s ]
SQL: SELECT * FROM `cmf_member` WHERE `member_id` = 1 LIMIT 1   [ RunTime:0.0170s ]
SQL: SHOW COLUMNS FROM `cmf_nav` [ RunTime:0.0069s ]
SQL: SHOW COLUMNS FROM `cmf_nav_cat` [ RunTime:0.0060s ]
SQL: SELECT COUNT(*) AS tp_count FROM `cmf_nav` WHERE `parentid` = 3 LIMIT 1   [ RunTime:0.0029s ]
SQL: DELETE FROM `cmf_nav` WHERE `id` = 3 [ RunTime:0.0162s ]

[ 2017-03-06T11:37:17+08:00 ] ::1 /yscy/index.php?g=Admin&m=nav&a=add_post
INFO: [ app_begin ] --START--
INFO: Run Behavior\ReadHtmlCacheBehavior [ RunTime:0.000688s ]
INFO: Run Behavior\CheckLangBehavior [ RunTime:0.003113s ]
INFO: Run Common\Behavior\UrldecodeGetBehavior [ RunTime:0.000791s ]
INFO: [ app_begin ] --END-- [ RunTime:0.005164s ]
INFO: [ admin_begin ] --START--
INFO: Run Common\Behavior\AdminDefaultLangBehavior [ RunTime:0.002346s ]
INFO: [ admin_begin ] --END-- [ RunTime:0.002404s ]
SQL: SHOW COLUMNS FROM `cmf_member` [ RunTime:0.0077s ]
SQL: SELECT * FROM `cmf_member` WHERE `member_id` = 1 LIMIT 1   [ RunTime:0.0785s ]
SQL: SHOW COLUMNS FROM `cmf_nav` [ RunTime:0.0239s ]
SQL: SHOW COLUMNS FROM `cmf_nav_cat` [ RunTime:0.0052s ]
NOTIC: [8] Undefined index: validate D:\phpstudy\WWW\yscy\simplewind\Core\Library\Think\Model.class.php Á¨¨ 1185 Ë°å.
NOTIC: [8] Undefined index: auto D:\phpstudy\WWW\yscy\simplewind\Core\Library\Think\Model.class.php Á¨¨ 1128 Ë°å.
SQL: INSERT INTO `cmf_nav` (`cid`,`parentid`,`label`,`href`,`target`,`icon`,`status`) VALUES ('1','0','ÊîøÂä°ÁÆ°ÁêÜ','¢','','','1') [ RunTime:0.0172s ]
SQL: UPDATE `cmf_nav` SET `cid`='1',`parentid`='0',`label`='ÊîøÂä°ÁÆ°ÁêÜ',`href`='¢',`target`='',`icon`='',`status`='1',`path`='0-4' WHERE `id` = 4 [ RunTime:0.0030s ]

[ 2017-03-06T11:37:40+08:00 ] ::1 /yscy/index.php?g=Admin&m=nav&a=add_post
INFO: [ app_begin ] --START--
INFO: Run Behavior\ReadHtmlCacheBehavior [ RunTime:0.000719s ]
INFO: Run Behavior\CheckLangBehavior [ RunTime:0.001666s ]
INFO: Run Common\Behavior\UrldecodeGetBehavior [ RunTime:0.000426s ]
INFO: [ app_begin ] --END-- [ RunTime:0.003484s ]
INFO: [ admin_begin ] --START--
INFO: Run Common\Behavior\AdminDefaultLangBehavior [ RunTime:0.001692s ]
INFO: [ admin_begin ] --END-- [ RunTime:0.001746s ]
SQL: SHOW COLUMNS FROM `cmf_member` [ RunTime:0.0064s ]
SQL: SELECT * FROM `cmf_member` WHERE `member_id` = 1 LIMIT 1   [ RunTime:0.0040s ]
SQL: SHOW COLUMNS FROM `cmf_nav` [ RunTime:0.0051s ]
SQL: SHOW COLUMNS FROM `cmf_nav_cat` [ RunTime:0.0062s ]
NOTIC: [8] Undefined index: validate D:\phpstudy\WWW\yscy\simplewind\Core\Library\Think\Model.class.php Á¨¨ 1185 Ë°å.
NOTIC: [8] Undefined index: auto D:\phpstudy\WWW\yscy\simplewind\Core\Library\Think\Model.class.php Á¨¨ 1128 Ë°å.
SQL: INSERT INTO `cmf_nav` (`cid`,`parentid`,`label`,`href`,`target`,`icon`,`status`) VALUES ('1','0','ÂÖ¨ÁõäÁÆ°ÁêÜ','a:2:{s:6:\"action\";s:17:\"Portal/List/index\";s:5:\"param\";a:1:{s:2:\"id\";s:1:\"4\";}}','','','1') [ RunTime:0.0187s ]
SQL: UPDATE `cmf_nav` SET `cid`='1',`parentid`='0',`label`='ÂÖ¨ÁõäÁÆ°ÁêÜ',`href`='a:2:{s:6:\"action\";s:17:\"Portal/List/index\";s:5:\"param\";a:1:{s:2:\"id\";s:1:\"4\";}}',`target`='',`icon`='',`status`='1',`path`='0-5' WHERE `id` = 5 [ RunTime:0.0029s ]

[ 2017-03-06T11:38:23+08:00 ] ::1 /yscy/index.php?g=Admin&m=nav&a=add_post
INFO: [ app_begin ] --START--
INFO: Run Behavior\ReadHtmlCacheBehavior [ RunTime:0.000518s ]
INFO: Run Behavior\CheckLangBehavior [ RunTime:0.001362s ]
INFO: Run Common\Behavior\UrldecodeGetBehavior [ RunTime:0.000413s ]
INFO: [ app_begin ] --END-- [ RunTime:0.002788s ]
INFO: [ admin_begin ] --START--
INFO: Run Common\Behavior\AdminDefaultLangBehavior [ RunTime:0.001670s ]
INFO: [ admin_begin ] --END-- [ RunTime:0.001721s ]
SQL: SHOW COLUMNS FROM `cmf_member` [ RunTime:0.0067s ]
SQL: SELECT * FROM `cmf_member` WHERE `member_id` = 1 LIMIT 1   [ RunTime:0.0041s ]
SQL: SHOW COLUMNS FROM `cmf_nav` [ RunTime:0.0580s ]
SQL: SHOW COLUMNS FROM `cmf_nav_cat` [ RunTime:0.0054s ]
NOTIC: [8] Undefined index: validate D:\phpstudy\WWW\yscy\simplewind\Core\Library\Think\Model.class.php Á¨¨ 1185 Ë°å.
NOTIC: [8] Undefined index: auto D:\phpstudy\WWW\yscy\simplewind\Core\Library\Think\Model.class.php Á¨¨ 1128 Ë°å.
SQL: INSERT INTO `cmf_nav` (`cid`,`parentid`,`label`,`href`,`target`,`icon`,`status`) VALUES ('1','4','ÊîøÁ≠ñÂÖ¨Âëä','a:2:{s:6:\"action\";s:17:\"Portal/List/index\";s:5:\"param\";a:1:{s:2:\"id\";s:1:\"5\";}}','','','1') [ RunTime:0.0216s ]
SQL: SELECT * FROM `cmf_nav` WHERE `id` = 4 LIMIT 1   [ RunTime:0.0031s ]
NOTIC: [8] Use of undefined constant path - assumed 'path' D:\phpstudy\WWW\yscy\application\Admin\Controller\NavController.class.php Á¨¨ 110 Ë°å.
SQL: UPDATE `cmf_nav` SET `cid`='1',`parentid`='4',`label`='ÊîøÁ≠ñÂÖ¨Âëä',`href`='a:2:{s:6:\"action\";s:17:\"Portal/List/index\";s:5:\"param\";a:1:{s:2:\"id\";s:1:\"5\";}}',`target`='',`icon`='',`status`='1',`path`='0-4-6' WHERE `id` = 6 [ RunTime:0.0031s ]

[ 2017-03-06T11:38:45+08:00 ] ::1 /yscy/index.php?g=Admin&m=nav&a=add_post
INFO: [ app_begin ] --START--
INFO: Run Behavior\ReadHtmlCacheBehavior [ RunTime:0.000786s ]
INFO: Run Behavior\CheckLangBehavior [ RunTime:0.001681s ]
INFO: Run Common\Behavior\UrldecodeGetBehavior [ RunTime:0.000404s ]
INFO: [ app_begin ] --END-- [ RunTime:0.003600s ]
INFO: [ admin_begin ] --START--
INFO: Run Common\Behavior\AdminDefaultLangBehavior [ RunTime:0.001752s ]
INFO: [ admin_begin ] --END-- [ RunTime:0.001805s ]
SQL: SHOW COLUMNS FROM `cmf_member` [ RunTime:0.0082s ]
SQL: SELECT * FROM `cmf_member` WHERE `member_id` = 1 LIMIT 1   [ RunTime:0.0126s ]
SQL: SHOW COLUMNS FROM `cmf_nav` [ RunTime:0.0133s ]
SQL: SHOW COLUMNS FROM `cmf_nav_cat` [ RunTime:0.0203s ]
NOTIC: [8] Undefined index: validate D:\phpstudy\WWW\yscy\simplewind\Core\Library\Think\Model.class.php Á¨¨ 1185 Ë°å.
NOTIC: [8] Undefined index: auto D:\phpstudy\WWW\yscy\simplewind\Core\Library\Think\Model.class.php Á¨¨ 1128 Ë°å.
SQL: INSERT INTO `cmf_nav` (`cid`,`parentid`,`label`,`href`,`target`,`icon`,`status`) VALUES ('1','4','Âäû‰∫ãÊåáÂçó','a:2:{s:6:\"action\";s:17:\"Portal/List/index\";s:5:\"param\";a:1:{s:2:\"id\";s:1:\"6\";}}','','','1') [ RunTime:0.0481s ]
SQL: SELECT * FROM `cmf_nav` WHERE `id` = 4 LIMIT 1   [ RunTime:0.1181s ]
NOTIC: [8] Use of undefined constant path - assumed 'path' D:\phpstudy\WWW\yscy\application\Admin\Controller\NavController.class.php Á¨¨ 110 Ë°å.
SQL: UPDATE `cmf_nav` SET `cid`='1',`parentid`='4',`label`='Âäû‰∫ãÊåáÂçó',`href`='a:2:{s:6:\"action\";s:17:\"Portal/List/index\";s:5:\"param\";a:1:{s:2:\"id\";s:1:\"6\";}}',`target`='',`icon`='',`status`='1',`path`='0-4-7' WHERE `id` = 7 [ RunTime:0.0080s ]

[ 2017-03-06T11:39:35+08:00 ] ::1 /yscy/index.php?g=Admin&m=nav&a=add_post
INFO: [ app_begin ] --START--
INFO: Run Behavior\ReadHtmlCacheBehavior [ RunTime:0.000551s ]
INFO: Run Behavior\CheckLangBehavior [ RunTime:0.001651s ]
INFO: Run Common\Behavior\UrldecodeGetBehavior [ RunTime:0.000615s ]
INFO: [ app_begin ] --END-- [ RunTime:0.003690s ]
INFO: [ admin_begin ] --START--
INFO: Run Common\Behavior\AdminDefaultLangBehavior [ RunTime:0.001781s ]
INFO: [ admin_begin ] --END-- [ RunTime:0.001847s ]
SQL: SHOW COLUMNS FROM `cmf_member` [ RunTime:0.0065s ]
SQL: SELECT * FROM `cmf_member` WHERE `member_id` = 1 LIMIT 1   [ RunTime:0.0063s ]
SQL: SHOW COLUMNS FROM `cmf_nav` [ RunTime:0.0066s ]
SQL: SHOW COLUMNS FROM `cmf_nav_cat` [ RunTime:0.0104s ]
NOTIC: [8] Undefined index: validate D:\phpstudy\WWW\yscy\simplewind\Core\Library\Think\Model.class.php Á¨¨ 1185 Ë°å.
NOTIC: [8] Undefined index: auto D:\phpstudy\WWW\yscy\simplewind\Core\Library\Think\Model.class.php Á¨¨ 1128 Ë°å.
SQL: INSERT INTO `cmf_nav` (`cid`,`parentid`,`label`,`href`,`target`,`icon`,`status`) VALUES ('1','4','ÊÑèËßÅÂèçÈ¶à','a:2:{s:6:\"action\";s:17:\"Portal/List/index\";s:5:\"param\";a:1:{s:2:\"id\";s:1:\"7\";}}','','','1') [ RunTime:0.0191s ]
SQL: SELECT * FROM `cmf_nav` WHERE `id` = 4 LIMIT 1   [ RunTime:0.0062s ]
NOTIC: [8] Use of undefined constant path - assumed 'path' D:\phpstudy\WWW\yscy\application\Admin\Controller\NavController.class.php Á¨¨ 110 Ë°å.
SQL: UPDATE `cmf_nav` SET `cid`='1',`parentid`='4',`label`='ÊÑèËßÅÂèçÈ¶à',`href`='a:2:{s:6:\"action\";s:17:\"Portal/List/index\";s:5:\"param\";a:1:{s:2:\"id\";s:1:\"7\";}}',`target`='',`icon`='',`status`='1',`path`='0-4-8' WHERE `id` = 8 [ RunTime:0.0081s ]

[ 2017-03-06T11:56:59+08:00 ] ::1 /yscy/index.php?g=Admin&m=public&a=dologin
INFO: [ app_begin ] --START--
INFO: Run Behavior\ReadHtmlCacheBehavior [ RunTime:0.000512s ]
INFO: Run Behavior\CheckLangBehavior [ RunTime:0.001235s ]
INFO: Run Common\Behavior\UrldecodeGetBehavior [ RunTime:0.000395s ]
INFO: [ app_begin ] --END-- [ RunTime:0.002613s ]
INFO: [ admin_begin ] --START--
INFO: Run Common\Behavior\AdminDefaultLangBehavior [ RunTime:0.001612s ]
INFO: [ admin_begin ] --END-- [ RunTime:0.001722s ]

[ 2017-03-06T12:03:15+08:00 ] ::1 /yscy/index.php?g=Admin&m=public&a=dologin
INFO: [ app_begin ] --START--
INFO: Run Behavior\ReadHtmlCacheBehavior [ RunTime:0.000521s ]
INFO: Run Behavior\CheckLangBehavior [ RunTime:0.001219s ]
INFO: Run Common\Behavior\UrldecodeGetBehavior [ RunTime:0.000363s ]
INFO: [ app_begin ] --END-- [ RunTime:0.002587s ]
INFO: [ admin_begin ] --START--
INFO: Run Common\Behavior\AdminDefaultLangBehavior [ RunTime:0.001682s ]
INFO: [ admin_begin ] --END-- [ RunTime:0.001738s ]
SQL: SHOW COLUMNS FROM `cmf_member` [ RunTime:0.0063s ]
SQL: SELECT * FROM `cmf_member` WHERE `member_name` = 'admin' LIMIT 1   [ RunTime:0.0035s ]
SQL: SHOW COLUMNS FROM `cmf_role_user` [ RunTime:0.0045s ]
SQL: SELECT `role_id` FROM cmf_role_user a INNER JOIN cmf_role as b on a.role_id =b.id  WHERE `user_id` = '1' AND `status` = 1  [ RunTime:0.0040s ]
SQL: UPDATE `cmf_member` SET `member_name`='admin',`member_truename`=NULL,`member_avatar`='avatar/58b8dac95cd98.jpg',`member_sex`='1',`member_birthday`='2017-03-13',`member_passwd`='###4726c77e9b53083e4b8a2e46fc22a20e',`member_email`='345019187@qq.com',`member_qq`=NULL,`member_ww`=NULL,`member_login_num`=NULL,`member_time`=NULL,`member_login_time`='2017-03-06 12:03:15',`member_old_login_time`=NULL,`member_login_ip`='0.0.0.0',`member_old_login_ip`=NULL,`member_qqopenid`=NULL,`member_qqinfo`=NULL,`member_sinaopenid`=NULL,`member_sinainfo`=NULL,`member_points`=NULL,`available_predeposit`=NULL,`freeze_predeposit`=NULL,`inform_allow`=NULL,`is_buy`=NULL,`is_allowtalk`=NULL,`member_state`='1',`member_credit`=NULL,`member_snsvisitnum`=NULL,`member_areaid`=NULL,`member_cityid`=NULL,`member_provinceid`=NULL,`member_areainfo`=NULL,`member_privacy`=NULL,`user_type`='1',`mobile`='13552675820',`user_nicename`='Â∞èÊòé',`user_url`='',`signature`='111',`user_activation_key`='affda5d9ecbf60659f1845f0307c3953',`coin`=NULL,`token`='ef5558f8e6fff358fd6ac67069a73bfd' WHERE `member_id` = 1 [ RunTime:0.0037s ]

[ 2017-03-06T13:15:49+08:00 ] ::1 /yscy/index.php?g=Admin&m=public&a=dologin
INFO: [ app_begin ] --START--
INFO: Run Behavior\ReadHtmlCacheBehavior [ RunTime:0.000519s ]
INFO: Run Behavior\CheckLangBehavior [ RunTime:0.001108s ]
INFO: Run Common\Behavior\UrldecodeGetBehavior [ RunTime:0.000348s ]
INFO: [ app_begin ] --END-- [ RunTime:0.002403s ]
INFO: [ admin_begin ] --START--
INFO: Run Common\Behavior\AdminDefaultLangBehavior [ RunTime:0.001441s ]
INFO: [ admin_begin ] --END-- [ RunTime:0.001491s ]
SQL: SHOW COLUMNS FROM `cmf_member` [ RunTime:0.2224s ]
SQL: SELECT * FROM `cmf_member` WHERE `member_name` = 'admin' LIMIT 1   [ RunTime:0.2280s ]
SQL: SHOW COLUMNS FROM `cmf_role_user` [ RunTime:0.2313s ]
SQL: SELECT `role_id` FROM cmf_role_user a INNER JOIN cmf_role as b on a.role_id =b.id  WHERE `user_id` = '1' AND `status` = 1  [ RunTime:0.1906s ]
SQL: UPDATE `cmf_member` SET `member_name`='admin',`member_truename`=NULL,`member_avatar`='avatar/58b8dac95cd98.jpg',`member_sex`='1',`member_birthday`='2017-03-13',`member_passwd`='###4726c77e9b53083e4b8a2e46fc22a20e',`member_email`='345019187@qq.com',`member_qq`=NULL,`member_ww`=NULL,`member_login_num`=NULL,`member_time`=NULL,`member_login_time`='2017-03-06 13:15:49',`member_old_login_time`=NULL,`member_login_ip`='0.0.0.0',`member_old_login_ip`=NULL,`member_qqopenid`=NULL,`member_qqinfo`=NULL,`member_sinaopenid`=NULL,`member_sinainfo`=NULL,`member_points`=NULL,`available_predeposit`=NULL,`freeze_predeposit`=NULL,`inform_allow`=NULL,`is_buy`=NULL,`is_allowtalk`=NULL,`member_state`='1',`member_credit`=NULL,`member_snsvisitnum`=NULL,`member_areaid`=NULL,`member_cityid`=NULL,`member_provinceid`=NULL,`member_areainfo`=NULL,`member_privacy`=NULL,`user_type`='1',`mobile`='13552675820',`user_nicename`='Â∞èÊòé',`user_url`='',`signature`='111',`user_activation_key`='affda5d9ecbf60659f1845f0307c3953',`coin`=NULL,`token`='ef5558f8e6fff358fd6ac67069a73bfd' WHERE `member_id` = 1 [ RunTime:0.0621s ]

[ 2017-03-06T13:21:18+08:00 ] ::1 /yscy/index.php?g=Admin&m=public&a=dologin
INFO: [ app_begin ] --START--
INFO: Run Behavior\ReadHtmlCacheBehavior [ RunTime:0.000774s ]
INFO: Run Behavior\CheckLangBehavior [ RunTime:0.001422s ]
INFO: Run Common\Behavior\UrldecodeGetBehavior [ RunTime:0.000389s ]
INFO: [ app_begin ] --END-- [ RunTime:0.003080s ]
INFO: [ admin_begin ] --START--
INFO: Run Common\Behavior\AdminDefaultLangBehavior [ RunTime:0.001651s ]
INFO: [ admin_begin ] --END-- [ RunTime:0.001713s ]
SQL: SHOW COLUMNS FROM `cmf_member` [ RunTime:0.0066s ]
SQL: SELECT * FROM `cmf_member` WHERE `member_name` = 'admin' LIMIT 1   [ RunTime:0.0036s ]
SQL: SHOW COLUMNS FROM `cmf_role_user` [ RunTime:0.0052s ]
SQL: SELECT `role_id` FROM cmf_role_user a INNER JOIN cmf_role as b on a.role_id =b.id  WHERE `user_id` = '1' AND `status` = 1  [ RunTime:0.0031s ]
SQL: UPDATE `cmf_member` SET `member_name`='admin',`member_truename`=NULL,`member_avatar`='avatar/58b8dac95cd98.jpg',`member_sex`='1',`member_birthday`='2017-03-13',`member_passwd`='###4726c77e9b53083e4b8a2e46fc22a20e',`member_email`='345019187@qq.com',`member_qq`=NULL,`member_ww`=NULL,`member_login_num`=NULL,`member_time`=NULL,`member_login_time`='2017-03-06 13:21:18',`member_old_login_time`=NULL,`member_login_ip`='0.0.0.0',`member_old_login_ip`=NULL,`member_qqopenid`=NULL,`member_qqinfo`=NULL,`member_sinaopenid`=NULL,`member_sinainfo`=NULL,`member_points`=NULL,`available_predeposit`=NULL,`freeze_predeposit`=NULL,`inform_allow`=NULL,`is_buy`=NULL,`is_allowtalk`=NULL,`member_state`='1',`member_credit`=NULL,`member_snsvisitnum`=NULL,`member_areaid`=NULL,`member_cityid`=NULL,`member_provinceid`=NULL,`member_areainfo`=NULL,`member_privacy`=NULL,`user_type`='1',`mobile`='13552675820',`user_nicename`='Â∞èÊòé',`user_url`='',`signature`='111',`user_activation_key`='affda5d9ecbf60659f1845f0307c3953',`coin`=NULL,`token`='ef5558f8e6fff358fd6ac67069a73bfd' WHERE `member_id` = 1 [ RunTime:0.0038s ]

[ 2017-03-06T13:26:35+08:00 ] ::1 /yscy/index.php?g=Admin&m=nav&a=add_post
INFO: [ app_begin ] --START--
INFO: Run Behavior\ReadHtmlCacheBehavior [ RunTime:0.000593s ]
INFO: Run Behavior\CheckLangBehavior [ RunTime:0.002111s ]
INFO: Run Common\Behavior\UrldecodeGetBehavior [ RunTime:0.001363s ]
INFO: [ app_begin ] --END-- [ RunTime:0.004691s ]
INFO: [ admin_begin ] --START--
INFO: Run Common\Behavior\AdminDefaultLangBehavior [ RunTime:0.001830s ]
INFO: [ admin_begin ] --END-- [ RunTime:0.001901s ]
SQL: SHOW COLUMNS FROM `cmf_member` [ RunTime:0.0069s ]
SQL: SELECT * FROM `cmf_member` WHERE `member_id` = 1 LIMIT 1   [ RunTime:0.0034s ]
SQL: SHOW COLUMNS FROM `cmf_nav` [ RunTime:0.0054s ]
SQL: SHOW COLUMNS FROM `cmf_nav_cat` [ RunTime:0.0098s ]
NOTIC: [2] Missing argument 1 for I(), called in D:\phpstudy\WWW\yscy\application\Admin\Controller\NavController.class.php on line 93 and defined D:\phpstudy\WWW\yscy\simplewind\Core\Common\functions.php Á¨¨ 296 Ë°å.
NOTIC: [8] Undefined variable: name D:\phpstudy\WWW\yscy\simplewind\Core\Common\functions.php Á¨¨ 298 Ë°å.
NOTIC: [8] Undefined variable: name D:\phpstudy\WWW\yscy\simplewind\Core\Common\functions.php Á¨¨ 303 Ë°å.
NOTIC: [8] Undefined variable: name D:\phpstudy\WWW\yscy\simplewind\Core\Common\functions.php Á¨¨ 364 Ë°å.

[ 2017-03-06T15:21:11+08:00 ] ::1 /yscy/index.php?g=Admin&m=public&a=dologin
INFO: [ app_begin ] --START--
INFO: Run Behavior\ReadHtmlCacheBehavior [ RunTime:0.000527s ]
INFO: Run Behavior\CheckLangBehavior [ RunTime:0.001341s ]
INFO: Run Common\Behavior\UrldecodeGetBehavior [ RunTime:0.000533s ]
INFO: [ app_begin ] --END-- [ RunTime:0.002849s ]
INFO: [ admin_begin ] --START--
INFO: Run Common\Behavior\AdminDefaultLangBehavior [ RunTime:0.001622s ]
INFO: [ admin_begin ] --END-- [ RunTime:0.001676s ]
SQL: SHOW COLUMNS FROM `cmf_member` [ RunTime:0.0088s ]
SQL: SELECT * FROM `cmf_member` WHERE `member_name` = 'admin' LIMIT 1   [ RunTime:0.0037s ]
SQL: SHOW COLUMNS FROM `cmf_role_user` [ RunTime:0.0068s ]
SQL: SELECT `role_id` FROM cmf_role_user a INNER JOIN cmf_role as b on a.role_id =b.id  WHERE `user_id` = '1' AND `status` = 1  [ RunTime:0.0057s ]
SQL: UPDATE `cmf_member` SET `member_name`='admin',`member_truename`=NULL,`member_avatar`='avatar/58b8dac95cd98.jpg',`member_sex`='1',`member_birthday`='2017-03-13',`member_passwd`='###4726c77e9b53083e4b8a2e46fc22a20e',`member_email`='345019187@qq.com',`member_qq`=NULL,`member_ww`=NULL,`member_login_num`=NULL,`member_time`=NULL,`member_login_time`='2017-03-06 15:21:11',`member_old_login_time`=NULL,`member_login_ip`='0.0.0.0',`member_old_login_ip`=NULL,`member_qqopenid`=NULL,`member_qqinfo`=NULL,`member_sinaopenid`=NULL,`member_sinainfo`=NULL,`member_points`=NULL,`available_predeposit`=NULL,`freeze_predeposit`=NULL,`inform_allow`=NULL,`is_buy`=NULL,`is_allowtalk`=NULL,`member_state`='1',`member_credit`=NULL,`member_snsvisitnum`=NULL,`member_areaid`=NULL,`member_cityid`=NULL,`member_provinceid`=NULL,`member_areainfo`=NULL,`member_privacy`=NULL,`user_type`='1',`mobile`='13552675820',`user_nicename`='Â∞èÊòé',`user_url`='',`signature`='111',`user_activation_key`='affda5d9ecbf60659f1845f0307c3953',`coin`=NULL,`token`='ef5558f8e6fff358fd6ac67069a73bfd' WHERE `member_id` = 1 [ RunTime:0.0061s ]

[ 2017-03-06T15:21:39+08:00 ] ::1 /yscy/index.php?g=Admin&m=Communitypb&a=lost_property_list
ERR: Êó†Ê≥ïÂä†ËΩΩÊéßÂà∂Âô®:Communitypb

[ 2017-03-06T15:21:40+08:00 ] ::1 /yscy/index.php?g=Admin&m=Communitypb&a=announcement_list
ERR: Êó†Ê≥ïÂä†ËΩΩÊéßÂà∂Âô®:Communitypb

[ 2017-03-06T15:21:41+08:00 ] ::1 /yscy/index.php?g=Admin&m=Communitypb&a=bill_payment
ERR: Êó†Ê≥ïÂä†ËΩΩÊéßÂà∂Âô®:Communitypb

[ 2017-03-06T16:47:26+08:00 ] ::1 /yscy/index.php?g=Admin&m=public&a=dologin
INFO: [ app_begin ] --START--
INFO: Run Behavior\ReadHtmlCacheBehavior [ RunTime:0.000520s ]
INFO: Run Behavior\CheckLangBehavior [ RunTime:0.001047s ]
INFO: Run Common\Behavior\UrldecodeGetBehavior [ RunTime:0.000361s ]
INFO: [ app_begin ] --END-- [ RunTime:0.002409s ]
INFO: [ admin_begin ] --START--
INFO: Run Common\Behavior\AdminDefaultLangBehavior [ RunTime:0.001555s ]
INFO: [ admin_begin ] --END-- [ RunTime:0.001646s ]
SQL: SHOW COLUMNS FROM `cmf_member` [ RunTime:0.0106s ]
SQL: SELECT * FROM `cmf_member` WHERE `member_name` = 'admin' LIMIT 1   [ RunTime:0.0102s ]
SQL: SHOW COLUMNS FROM `cmf_role_user` [ RunTime:0.0141s ]
SQL: SELECT `role_id` FROM cmf_role_user a INNER JOIN cmf_role as b on a.role_id =b.id  WHERE `user_id` = '1' AND `status` = 1  [ RunTime:0.0047s ]
SQL: UPDATE `cmf_member` SET `member_name`='admin',`member_truename`=NULL,`member_avatar`='avatar/58b8dac95cd98.jpg',`member_sex`='1',`member_birthday`='2017-03-13',`member_passwd`='###4726c77e9b53083e4b8a2e46fc22a20e',`member_email`='345019187@qq.com',`member_qq`=NULL,`member_ww`=NULL,`member_login_num`=NULL,`member_time`=NULL,`member_login_time`='2017-03-06 16:47:26',`member_old_login_time`=NULL,`member_login_ip`='0.0.0.0',`member_old_login_ip`=NULL,`member_qqopenid`=NULL,`member_qqinfo`=NULL,`member_sinaopenid`=NULL,`member_sinainfo`=NULL,`member_points`=NULL,`available_predeposit`=NULL,`freeze_predeposit`=NULL,`inform_allow`=NULL,`is_buy`=NULL,`is_allowtalk`=NULL,`member_state`='1',`member_credit`=NULL,`member_snsvisitnum`=NULL,`member_areaid`=NULL,`member_cityid`=NULL,`member_provinceid`=NULL,`member_areainfo`=NULL,`member_privacy`=NULL,`user_type`='1',`mobile`='13552675820',`user_nicename`='Â∞èÊòé',`user_url`='',`signature`='111',`user_activation_key`='affda5d9ecbf60659f1845f0307c3953',`coin`=NULL,`token`='ef5558f8e6fff358fd6ac67069a73bfd' WHERE `member_id` = 1 [ RunTime:0.0034s ]

