[ 2017-03-06T11:32:30+08:00 ] ::1 /yscy/index.php?g=user&m=index&a=is_login
INFO: [ app_begin ] --START--
INFO: Run Behavior\ReadHtmlCacheBehavior [ RunTime:0.000729s ]
INFO: Run Behavior\CheckLangBehavior [ RunTime:0.001204s ]
INFO: Run Common\Behavior\UrldecodeGetBehavior [ RunTime:0.000460s ]
INFO: [ app_begin ] --END-- [ RunTime:0.002952s ]
NOTIC: [8] Undefined index: url D:\phpstudy\WWW\yscy\application\Common\Controller\AppframeController.class.php 第 22 行.

[ 2017-03-06T11:32:32+08:00 ] ::1 /yscy/index.php?g=user&m=index&a=is_login
INFO: [ app_begin ] --START--
INFO: Run Behavior\ReadHtmlCacheBehavior [ RunTime:0.000663s ]
INFO: Run Behavior\CheckLangBehavior [ RunTime:0.001016s ]
INFO: Run Common\Behavior\UrldecodeGetBehavior [ RunTime:0.000407s ]
INFO: [ app_begin ] --END-- [ RunTime:0.002936s ]
NOTIC: [8] Undefined index: url D:\phpstudy\WWW\yscy\application\Common\Controller\AppframeController.class.php 第 22 行.

[ 2017-03-06T11:33:40+08:00 ] ::1 /yscy/index.php?g=user&m=index&a=is_login
INFO: [ app_begin ] --START--
INFO: Run Behavior\ReadHtmlCacheBehavior [ RunTime:0.000523s ]
INFO: Run Behavior\CheckLangBehavior [ RunTime:0.001010s ]
INFO: Run Common\Behavior\UrldecodeGetBehavior [ RunTime:0.000523s ]
INFO: [ app_begin ] --END-- [ RunTime:0.002589s ]
NOTIC: [8] Undefined index: url D:\phpstudy\WWW\yscy\application\Common\Controller\AppframeController.class.php 第 22 行.

[ 2017-03-06T11:33:41+08:00 ] ::1 /yscy/index.php?g=user&m=index&a=is_login
INFO: [ app_begin ] --START--
INFO: Run Behavior\ReadHtmlCacheBehavior [ RunTime:0.000715s ]
INFO: Run Behavior\CheckLangBehavior [ RunTime:0.001024s ]
INFO: Run Common\Behavior\UrldecodeGetBehavior [ RunTime:0.000496s ]
INFO: [ app_begin ] --END-- [ RunTime:0.002969s ]
NOTIC: [8] Undefined index: url D:\phpstudy\WWW\yscy\application\Common\Controller\AppframeController.class.php 第 22 行.

[ 2017-03-06T11:39:46+08:00 ] ::1 /yscy/index.php?g=user&m=index&a=is_login
INFO: [ app_begin ] --START--
INFO: Run Behavior\ReadHtmlCacheBehavior [ RunTime:0.000601s ]
INFO: Run Behavior\CheckLangBehavior [ RunTime:0.000901s ]
INFO: Run Common\Behavior\UrldecodeGetBehavior [ RunTime:0.000381s ]
INFO: [ app_begin ] --END-- [ RunTime:0.002494s ]
NOTIC: [8] Undefined index: url D:\phpstudy\WWW\yscy\application\Common\Controller\AppframeController.class.php 第 22 行.

[ 2017-03-06T11:40:57+08:00 ] ::1 /yscy/index.php?g=user&m=index&a=is_login
INFO: [ app_begin ] --START--
INFO: Run Behavior\ReadHtmlCacheBehavior [ RunTime:0.000596s ]
INFO: Run Behavior\CheckLangBehavior [ RunTime:0.001077s ]
INFO: Run Common\Behavior\UrldecodeGetBehavior [ RunTime:0.000343s ]
INFO: [ app_begin ] --END-- [ RunTime:0.002511s ]
NOTIC: [8] Undefined index: url D:\phpstudy\WWW\yscy\application\Common\Controller\AppframeController.class.php 第 22 行.

[ 2017-03-06T11:41:04+08:00 ] ::1 /yscy/index.php?g=user&m=index&a=is_login
INFO: [ app_begin ] --START--
INFO: Run Behavior\ReadHtmlCacheBehavior [ RunTime:0.000443s ]
INFO: Run Behavior\CheckLangBehavior [ RunTime:0.000645s ]
INFO: Run Common\Behavior\UrldecodeGetBehavior [ RunTime:0.000256s ]
INFO: [ app_begin ] --END-- [ RunTime:0.001818s ]
NOTIC: [8] Undefined index: url D:\phpstudy\WWW\yscy\application\Common\Controller\AppframeController.class.php 第 22 行.

[ 2017-03-06T11:41:11+08:00 ] ::1 /yscy/index.php?g=user&m=index&a=is_login
INFO: [ app_begin ] --START--
INFO: Run Behavior\ReadHtmlCacheBehavior [ RunTime:0.000602s ]
INFO: Run Behavior\CheckLangBehavior [ RunTime:0.000749s ]
INFO: Run Common\Behavior\UrldecodeGetBehavior [ RunTime:0.000272s ]
INFO: [ app_begin ] --END-- [ RunTime:0.002193s ]
NOTIC: [8] Undefined index: url D:\phpstudy\WWW\yscy\application\Common\Controller\AppframeController.class.php 第 22 行.

[ 2017-03-06T11:48:16+08:00 ] ::1 /yscy/index.php?g=user&m=index&a=is_login
INFO: [ app_begin ] --START--
INFO: Run Behavior\ReadHtmlCacheBehavior [ RunTime:0.000425s ]
INFO: Run Behavior\CheckLangBehavior [ RunTime:0.000851s ]
INFO: Run Common\Behavior\UrldecodeGetBehavior [ RunTime:0.000423s ]
INFO: [ app_begin ] --END-- [ RunTime:0.002138s ]
NOTIC: [8] Undefined index: url D:\phpstudy\WWW\yscy\application\Common\Controller\AppframeController.class.php 第 22 行.

[ 2017-03-06T12:04:47+08:00 ] ::1 /yscy/index.php?g=user&m=index&a=is_login
INFO: [ app_begin ] --START--
INFO: Run Behavior\ReadHtmlCacheBehavior [ RunTime:0.000539s ]
INFO: Run Behavior\CheckLangBehavior [ RunTime:0.000839s ]
INFO: Run Common\Behavior\UrldecodeGetBehavior [ RunTime:0.000363s ]
INFO: [ app_begin ] --END-- [ RunTime:0.002215s ]
NOTIC: [8] Undefined index: url D:\phpstudy\WWW\yscy\application\Common\Controller\AppframeController.class.php 第 22 行.

[ 2017-03-06T12:06:59+08:00 ] ::1 /yscy/index.php?g=user&m=index&a=is_login
INFO: [ app_begin ] --START--
INFO: Run Behavior\ReadHtmlCacheBehavior [ RunTime:0.000495s ]
INFO: Run Behavior\CheckLangBehavior [ RunTime:0.000895s ]
INFO: Run Common\Behavior\UrldecodeGetBehavior [ RunTime:0.000354s ]
INFO: [ app_begin ] --END-- [ RunTime:0.002165s ]
NOTIC: [8] Undefined index: url D:\phpstudy\WWW\yscy\application\Common\Controller\AppframeController.class.php 第 22 行.

[ 2017-03-06T12:08:58+08:00 ] ::1 /yscy/index.php?g=user&m=index&a=is_login
INFO: [ app_begin ] --START--
INFO: Run Behavior\ReadHtmlCacheBehavior [ RunTime:0.000438s ]
INFO: Run Behavior\CheckLangBehavior [ RunTime:0.000661s ]
INFO: Run Common\Behavior\UrldecodeGetBehavior [ RunTime:0.000281s ]
INFO: [ app_begin ] --END-- [ RunTime:0.001826s ]
NOTIC: [8] Undefined index: url D:\phpstudy\WWW\yscy\application\Common\Controller\AppframeController.class.php 第 22 行.

[ 2017-03-06T12:12:55+08:00 ] ::1 /yscy/index.php?g=user&m=index&a=is_login
INFO: [ app_begin ] --START--
INFO: Run Behavior\ReadHtmlCacheBehavior [ RunTime:0.000473s ]
INFO: Run Behavior\CheckLangBehavior [ RunTime:0.000729s ]
INFO: Run Common\Behavior\UrldecodeGetBehavior [ RunTime:0.000335s ]
INFO: [ app_begin ] --END-- [ RunTime:0.001983s ]
NOTIC: [8] Undefined index: url D:\phpstudy\WWW\yscy\application\Common\Controller\AppframeController.class.php 第 22 行.

[ 2017-03-06T12:15:56+08:00 ] ::1 /yscy/index.php?g=user&m=index&a=is_login
INFO: [ app_begin ] --START--
INFO: Run Behavior\ReadHtmlCacheBehavior [ RunTime:0.000597s ]
INFO: Run Behavior\CheckLangBehavior [ RunTime:0.000817s ]
INFO: Run Common\Behavior\UrldecodeGetBehavior [ RunTime:0.000278s ]
INFO: [ app_begin ] --END-- [ RunTime:0.002262s ]
NOTIC: [8] Undefined index: url D:\phpstudy\WWW\yscy\application\Common\Controller\AppframeController.class.php 第 22 行.

[ 2017-03-06T12:16:03+08:00 ] ::1 /yscy/index.php?g=user&m=index&a=is_login
INFO: [ app_begin ] --START--
INFO: Run Behavior\ReadHtmlCacheBehavior [ RunTime:0.000449s ]
INFO: Run Behavior\CheckLangBehavior [ RunTime:0.000745s ]
INFO: Run Common\Behavior\UrldecodeGetBehavior [ RunTime:0.000292s ]
INFO: [ app_begin ] --END-- [ RunTime:0.001927s ]
NOTIC: [8] Undefined index: url D:\phpstudy\WWW\yscy\application\Common\Controller\AppframeController.class.php 第 22 行.

[ 2017-03-06T12:17:29+08:00 ] ::1 /yscy/index.php?g=user&m=index&a=is_login
INFO: [ app_begin ] --START--
INFO: Run Behavior\ReadHtmlCacheBehavior [ RunTime:0.000657s ]
INFO: Run Behavior\CheckLangBehavior [ RunTime:0.000698s ]
INFO: Run Common\Behavior\UrldecodeGetBehavior [ RunTime:0.000235s ]
INFO: [ app_begin ] --END-- [ RunTime:0.002387s ]
NOTIC: [8] Undefined index: url D:\phpstudy\WWW\yscy\application\Common\Controller\AppframeController.class.php 第 22 行.

[ 2017-03-06T12:17:34+08:00 ] ::1 /yscy/index.php?g=user&m=index&a=is_login
INFO: [ app_begin ] --START--
INFO: Run Behavior\ReadHtmlCacheBehavior [ RunTime:0.000616s ]
INFO: Run Behavior\CheckLangBehavior [ RunTime:0.000680s ]
INFO: Run Common\Behavior\UrldecodeGetBehavior [ RunTime:0.000267s ]
INFO: [ app_begin ] --END-- [ RunTime:0.002145s ]
NOTIC: [8] Undefined index: url D:\phpstudy\WWW\yscy\application\Common\Controller\AppframeController.class.php 第 22 行.

[ 2017-03-06T12:39:01+08:00 ] ::1 /yscy/index.php?g=user&m=index&a=is_login
INFO: [ app_begin ] --START--
INFO: Run Behavior\ReadHtmlCacheBehavior [ RunTime:0.000494s ]
INFO: Run Behavior\CheckLangBehavior [ RunTime:0.000805s ]
INFO: Run Common\Behavior\UrldecodeGetBehavior [ RunTime:0.000337s ]
INFO: [ app_begin ] --END-- [ RunTime:0.002152s ]
NOTIC: [8] Undefined index: url D:\phpstudy\WWW\yscy\application\Common\Controller\AppframeController.class.php 第 22 行.

[ 2017-03-06T12:40:13+08:00 ] ::1 /yscy/index.php?g=user&m=index&a=is_login
INFO: [ app_begin ] --START--
INFO: Run Behavior\ReadHtmlCacheBehavior [ RunTime:0.000577s ]
INFO: Run Behavior\CheckLangBehavior [ RunTime:0.000878s ]
INFO: Run Common\Behavior\UrldecodeGetBehavior [ RunTime:0.000370s ]
INFO: [ app_begin ] --END-- [ RunTime:0.002444s ]
NOTIC: [8] Undefined index: url D:\phpstudy\WWW\yscy\application\Common\Controller\AppframeController.class.php 第 22 行.

[ 2017-03-06T12:40:37+08:00 ] ::1 /yscy/index.php?g=user&m=index&a=is_login
INFO: [ app_begin ] --START--
INFO: Run Behavior\ReadHtmlCacheBehavior [ RunTime:0.000584s ]
INFO: Run Behavior\CheckLangBehavior [ RunTime:0.000842s ]
INFO: Run Common\Behavior\UrldecodeGetBehavior [ RunTime:0.000292s ]
INFO: [ app_begin ] --END-- [ RunTime:0.002256s ]
NOTIC: [8] Undefined index: url D:\phpstudy\WWW\yscy\application\Common\Controller\AppframeController.class.php 第 22 行.

[ 2017-03-06T12:41:34+08:00 ] ::1 /yscy/index.php?g=user&m=index&a=is_login
INFO: [ app_begin ] --START--
INFO: Run Behavior\ReadHtmlCacheBehavior [ RunTime:0.000611s ]
INFO: Run Behavior\CheckLangBehavior [ RunTime:0.000933s ]
INFO: Run Common\Behavior\UrldecodeGetBehavior [ RunTime:0.000368s ]
INFO: [ app_begin ] --END-- [ RunTime:0.002376s ]
NOTIC: [8] Undefined index: url D:\phpstudy\WWW\yscy\application\Common\Controller\AppframeController.class.php 第 22 行.

[ 2017-03-06T12:52:23+08:00 ] ::1 /yscy/index.php?g=user&m=index&a=is_login
INFO: [ app_begin ] --START--
INFO: Run Behavior\ReadHtmlCacheBehavior [ RunTime:0.000537s ]
INFO: Run Behavior\CheckLangBehavior [ RunTime:0.000830s ]
INFO: Run Common\Behavior\UrldecodeGetBehavior [ RunTime:0.000343s ]
INFO: [ app_begin ] --END-- [ RunTime:0.002238s ]
NOTIC: [8] Undefined index: url D:\phpstudy\WWW\yscy\application\Common\Controller\AppframeController.class.php 第 22 行.

[ 2017-03-06T12:57:37+08:00 ] ::1 /yscy/index.php?g=user&m=index&a=is_login
INFO: [ app_begin ] --START--
INFO: Run Behavior\ReadHtmlCacheBehavior [ RunTime:0.000529s ]
INFO: Run Behavior\CheckLangBehavior [ RunTime:0.000900s ]
INFO: Run Common\Behavior\UrldecodeGetBehavior [ RunTime:0.000293s ]
INFO: [ app_begin ] --END-- [ RunTime:0.002242s ]
NOTIC: [8] Undefined index: url D:\phpstudy\WWW\yscy\application\Common\Controller\AppframeController.class.php 第 22 行.

[ 2017-03-06T13:06:46+08:00 ] ::1 /yscy/index.php?g=user&m=index&a=is_login
INFO: [ app_begin ] --START--
INFO: Run Behavior\ReadHtmlCacheBehavior [ RunTime:0.000431s ]
INFO: Run Behavior\CheckLangBehavior [ RunTime:0.000664s ]
INFO: Run Common\Behavior\UrldecodeGetBehavior [ RunTime:0.000272s ]
INFO: [ app_begin ] --END-- [ RunTime:0.001849s ]
NOTIC: [8] Undefined index: url D:\phpstudy\WWW\yscy\application\Common\Controller\AppframeController.class.php 第 22 行.

[ 2017-03-06T13:20:11+08:00 ] ::1 /yscy/index.php?g=user&m=index&a=is_login
INFO: [ app_begin ] --START--
INFO: Run Behavior\ReadHtmlCacheBehavior [ RunTime:0.000450s ]
INFO: Run Behavior\CheckLangBehavior [ RunTime:0.000693s ]
INFO: Run Common\Behavior\UrldecodeGetBehavior [ RunTime:0.000307s ]
INFO: [ app_begin ] --END-- [ RunTime:0.001955s ]
NOTIC: [8] Undefined index: url D:\phpstudy\WWW\yscy\application\Common\Controller\AppframeController.class.php 第 22 行.

[ 2017-03-06T13:34:01+08:00 ] ::1 /yscy/index.php?g=user&m=index&a=is_login
INFO: [ app_begin ] --START--
INFO: Run Behavior\ReadHtmlCacheBehavior [ RunTime:0.000490s ]
INFO: Run Behavior\CheckLangBehavior [ RunTime:0.000889s ]
INFO: Run Common\Behavior\UrldecodeGetBehavior [ RunTime:0.000482s ]
INFO: [ app_begin ] --END-- [ RunTime:0.002294s ]
NOTIC: [8] Undefined index: url D:\phpstudy\WWW\yscy\application\Common\Controller\AppframeController.class.php 第 22 行.

[ 2017-03-06T16:32:39+08:00 ] ::1 /yscy/index.php?g=user&m=index&a=is_login
INFO: [ app_begin ] --START--
INFO: Run Behavior\ReadHtmlCacheBehavior [ RunTime:0.000570s ]
INFO: Run Behavior\CheckLangBehavior [ RunTime:0.000841s ]
INFO: Run Common\Behavior\UrldecodeGetBehavior [ RunTime:0.000337s ]
INFO: [ app_begin ] --END-- [ RunTime:0.002317s ]
NOTIC: [8] Undefined index: url D:\phpstudy\WWW\yscy\application\Common\Controller\AppframeController.class.php 第 22 行.

